#
# A fatal error has been detected by the Java Runtime Environment:
#
#  SIGSEGV (0xb) at pc=0x00007f7b984dfe46, pid=3557, tid=140168332814080
#
# JRE version: OpenJDK Runtime Environment (8.0_25-b18) (build 1.8.0_25-b18)
# Java VM: OpenJDK 64-Bit Server VM (25.25-b02 mixed mode linux-amd64 compressed oops)
# Problematic frame:
# V  [libjvm.so+0x3dbe46]
#
# Failed to write core dump. Core dumps have been disabled. To enable core dumping, try "ulimit -c unlimited" before starting Java again
#
# If you would like to submit a bug report, please visit:
#   http://bugreport.sun.com/bugreport/crash.jsp
#

---------------  T H R E A D  ---------------

Current thread (0x00007f7b900a7000):  JavaThread "C2 CompilerThread0" daemon [_thread_in_native, id=3566, stack(0x00007f7b7b9fa000,0x00007f7b7bafb000)]

siginfo: si_signo: 11 (SIGSEGV), si_code: 1 (SEGV_MAPERR), si_addr: 0x0000000000000028

Registers:
RAX=0x0000000000000000, RBX=0x0000000000000001, RCX=0x0000000000000080, RDX=0x00007f7b546f2d20
RSP=0x00007f7b7baf68a0, RBP=0x00007f7b7baf6900, RSI=0x00007f7b581d8020, RDI=0x00007f7b581d54a0
R8 =0x0000000000000000, R9 =0x0000000000000000, R10=0x00007f7b54765bc8, R11=0x0000000000000001
R12=0x0000000000000001, R13=0x00007f7b581d54a0, R14=0x00007f7b7baf6cc0, R15=0x00007f7b54765b68
RIP=0x00007f7b984dfe46, EFLAGS=0x0000000000010206, CSGSFS=0xf030000000000033, ERR=0x0000000000000004
  TRAPNO=0x000000000000000e

Top of Stack: (sp=0x00007f7b7baf68a0)
0x00007f7b7baf68a0:   0000000100000831 00007f7b98fef960
0x00007f7b7baf68b0:   00007f7b5400ad00 00007f7b00002001
0x00007f7b7baf68c0:   00007f7b54765ba0 00007f7b581d8020
0x00007f7b7baf68d0:   00007f7b7baf6900 00007f7b7baf6990
0x00007f7b7baf68e0:   00007f7b98ffac80 00007f7b54055190
0x00007f7b7baf68f0:   00007f7b7baf6cc0 00007f7b7baf69f0
0x00007f7b7baf6900:   00007f7b7baf6b90 00007f7b984e44a4
0x00007f7b7baf6910:   0000000000000000 00007f7b98847861
0x00007f7b7baf6920:   00007f7b7baf6940 0000000155871140
0x00007f7b7baf6930:   00000000000003d8 00007f7b7baf6960
0x00007f7b7baf6940:   00007f7b7baf69f0 00007f7b7baf6a30
0x00007f7b7baf6950:   00007f7b54055578 00007f7b540551a0
0x00007f7b7baf6960:   00007f7b5828a0e0 00007f7b5828a0e0
0x00007f7b7baf6970:   00007f7b5828a0f0 00007f7b5828a4c8
0x00007f7b7baf6980:   00000000000003d8 000003c600000e59
0x00007f7b7baf6990:   00007f7b54055190 00007f7b542875f0
0x00007f7b7baf69a0:   00007f7b54287720 00007f7b5428f5d8
0x00007f7b7baf69b0:   00000000001ccc80 0000007c00000078
0x00007f7b7baf69c0:   0000000001d4b768 0000000000000b00
0x00007f7b7baf69d0:   00007f7b7baf6a00 00007f7b54057cb0
0x00007f7b7baf69e0:   00007f7b5581f820 00007f7b54000020
0x00007f7b7baf69f0:   000000000000000b 00007f7b7baf9040
0x00007f7b7baf6a00:   00007f7b54a0b2f0 000000000000e500
0x00007f7b7baf6a10:   00007f7b546f2d20 00000000000011be
0x00007f7b7baf6a20:   00007f7b7baf6990 00007f7b540551a0
0x00007f7b7baf6a30:   00007f7b00000009 00007f7b7baf9040
0x00007f7b7baf6a40:   0000000000000000 00007f7b983c90c6
0x00007f7b7baf6a50:   0000000000000000 f030d94f67fcd400
0x00007f7b7baf6a60:   0000000000000000 00007f7b7baf6c30
0x00007f7b7baf6a70:   00007f7b7baf6dd0 00000000000041e0
0x00007f7b7baf6a80:   00007f7b7baf6990 0000000000000000
0x00007f7b7baf6a90:   00007f7b7baf6af0 00007f7b983c8aca 

Instructions: (pc=0x00007f7b984dfe46)
0x00007f7b984dfe26:   10 76 06 f2 41 0f 11 47 10 83 c3 01 39 5d b8 0f
0x00007f7b984dfe36:   86 2d 01 00 00 49 8b 45 08 41 89 dc 4a 8b 04 e0
0x00007f7b984dfe46:   48 63 50 28 49 8b 86 28 01 00 00 8b 04 90 85 c0
0x00007f7b984dfe56:   74 d7 49 8b 4e 70 48 8d 14 40 89 de 4c 89 ef 48 

Register to memory mapping:

RAX=0x0000000000000000 is an unknown value
RBX=0x0000000000000001 is an unknown value
RCX=0x0000000000000080 is an unknown value
RDX=0x00007f7b546f2d20 is an unknown value
RSP=0x00007f7b7baf68a0 is pointing into the stack for thread: 0x00007f7b900a7000
RBP=0x00007f7b7baf6900 is pointing into the stack for thread: 0x00007f7b900a7000
RSI=0x00007f7b581d8020 is an unknown value
RDI=0x00007f7b581d54a0 is an unknown value
R8 =0x0000000000000000 is an unknown value
R9 =0x0000000000000000 is an unknown value
R10=0x00007f7b54765bc8 is an unknown value
R11=0x0000000000000001 is an unknown value
R12=0x0000000000000001 is an unknown value
R13=0x00007f7b581d54a0 is an unknown value
R14=0x00007f7b7baf6cc0 is pointing into the stack for thread: 0x00007f7b900a7000
R15=0x00007f7b54765b68 is an unknown value


Stack: [0x00007f7b7b9fa000,0x00007f7b7bafb000],  sp=0x00007f7b7baf68a0,  free space=1010k
Native frames: (J=compiled Java code, j=interpreted, Vv=VM code, C=native code)
V  [libjvm.so+0x3dbe46]
V  [libjvm.so+0x3e04a4]
V  [libjvm.so+0x470b87]
V  [libjvm.so+0x4720dc]
V  [libjvm.so+0x3c4ed1]
V  [libjvm.so+0x47dd16]
V  [libjvm.so+0x47f312]
V  [libjvm.so+0x9da52a]
V  [libjvm.so+0x88ef22]
C  [libpthread.so.0+0x752a]  start_thread+0xca


Current CompileTask:
C2:  27495 3022       4       groovy.lang.MetaClassImpl::addMetaMethodToIndex (65 bytes)


---------------  P R O C E S S  ---------------

Java Threads: ( => current thread )
  0x000000000175e000 JavaThread "process reaper" daemon [_thread_blocked, id=3589, stack(0x00007f7b79cd0000,0x00007f7b79d09000)]
  0x00000000016c6000 JavaThread "File lock request listener" [_thread_in_native, id=3586, stack(0x00007f7b7a000000,0x00007f7b7a101000)]
  0x00000000013cb000 JavaThread "Stdin handler" [_thread_blocked, id=3580, stack(0x00007f7b7a57a000,0x00007f7b7a67b000)]
  0x00007f7b48006800 JavaThread "Daemon worker" [_thread_blocked, id=3577, stack(0x00007f7b7a67b000,0x00007f7b7a77c000)]
  0x00007f7b4800a800 JavaThread "Cancel handler" [_thread_blocked, id=3576, stack(0x00007f7b7a77c000,0x00007f7b7a87d000)]
  0x00007f7b48003800 JavaThread "Handler for socket connection from /127.0.0.1:40770 to /127.0.0.1:37934" [_thread_in_native, id=3575, stack(0x00007f7b7aa7d000,0x00007f7b7ab7e000)]
  0x00007f7b44005000 JavaThread "Daemon" [_thread_blocked, id=3574, stack(0x00007f7b7ab7e000,0x00007f7b7ac7f000)]
  0x00007f7b909e6800 JavaThread "Incoming local TCP Connector on port 40770" [_thread_in_native, id=3573, stack(0x00007f7b7ac7f000,0x00007f7b7ad80000)]
  0x00007f7b900b8000 JavaThread "Service Thread" daemon [_thread_blocked, id=3568, stack(0x00007f7b7b7f8000,0x00007f7b7b8f9000)]
  0x00007f7b900aa000 JavaThread "C1 CompilerThread1" daemon [_thread_blocked, id=3567, stack(0x00007f7b7b8f9000,0x00007f7b7b9fa000)]
=>0x00007f7b900a7000 JavaThread "C2 CompilerThread0" daemon [_thread_in_native, id=3566, stack(0x00007f7b7b9fa000,0x00007f7b7bafb000)]
  0x00007f7b900a5000 JavaThread "Signal Dispatcher" daemon [_thread_blocked, id=3565, stack(0x00007f7b7bafb000,0x00007f7b7bbfc000)]
  0x00007f7b90077800 JavaThread "Finalizer" daemon [_thread_blocked, id=3564, stack(0x00007f7b7bbfc000,0x00007f7b7bcfd000)]
  0x00007f7b90075800 JavaThread "Reference Handler" daemon [_thread_blocked, id=3563, stack(0x00007f7b7bcfd000,0x00007f7b7bdfe000)]
  0x00007f7b90009000 JavaThread "main" [_thread_blocked, id=3559, stack(0x00007f7b99d19000,0x00007f7b99e1a000)]

Other Threads:
  0x00007f7b9006e000 VMThread [stack: 0x00007f7b7bdfe000,0x00007f7b7beff000] [id=3562]
  0x00007f7b900ba000 WatcherThread [stack: 0x00007f7b7b6f7000,0x00007f7b7b7f8000] [id=3569]

VM state:at safepoint (normal execution)

VM Mutex/Monitor currently owned by a thread:  ([mutex/lock_event])
[0x00007f7b90006ac0] Threads_lock - owner thread: 0x00007f7b9006e000
[0x00007f7b90006fc0] Heap_lock - owner thread: 0x00007f7b48006800

Heap:
 PSYoungGen      total 133120K, used 125952K [0x00000000eab00000, 0x00000000f3500000, 0x0000000100000000)
  eden space 125952K, 100% used [0x00000000eab00000,0x00000000f2600000,0x00000000f2600000)
  from space 7168K, 0% used [0x00000000f2e00000,0x00000000f2e00000,0x00000000f3500000)
  to   space 7680K, 99% used [0x00000000f2600000,0x00000000f2d78010,0x00000000f2d80000)
 ParOldGen       total 36864K, used 12555K [0x00000000c0000000, 0x00000000c2400000, 0x00000000eab00000)
  object space 36864K, 34% used [0x00000000c0000000,0x00000000c0c46f00,0x00000000c2400000)
 Metaspace       used 30162K, capacity 30962K, committed 31104K, reserved 1077248K
  class space    used 3845K, capacity 4167K, committed 4224K, reserved 1048576K

Card table byte_map: [0x00007f7b968b8000,0x00007f7b96ab9000] byte_map_base: 0x00007f7b962b8000

Marking Bits: (ParMarkBitMap*) 0x00007f7b990025c0
 Begin Bits: [0x00007f7b94560000, 0x00007f7b95560000)
 End Bits:   [0x00007f7b95560000, 0x00007f7b96560000)

Polling page: 0x00007f7b99e3d000

CodeCache: size=245760Kb used=10242Kb max_used=10242Kb free=235518Kb
 bounds [0x00007f7b81000000, 0x00007f7b81a10000, 0x00007f7b90000000]
 total_blobs=3546 nmethods=2920 adapters=541
 compilation: enabled

Compilation events (10 events):
Event: 27,421 Thread 0x00007f7b900aa000 3078       1       java.beans.GenericBeanInfo::getPropertyDescriptors (5 bytes)
Event: 27,421 Thread 0x00007f7b900aa000 nmethod 3078 0x00007f7b81a052d0 code [0x00007f7b81a05420, 0x00007f7b81a05530]
Event: 27,429 Thread 0x00007f7b900aa000 3079       2       sun.reflect.ConstructorAccessorImpl::<init> (5 bytes)
Event: 27,430 Thread 0x00007f7b900aa000 nmethod 3079 0x00007f7b81a05590 code [0x00007f7b81a056e0, 0x00007f7b81a05830]
Event: 27,430 Thread 0x00007f7b900aa000 3080       1       org.gradle.api.internal.BeanDynamicObject::access$300 (5 bytes)
Event: 27,430 Thread 0x00007f7b900aa000 nmethod 3080 0x00007f7b81a058d0 code [0x00007f7b81a05a20, 0x00007f7b81a05b10]
Event: 27,432 Thread 0x00007f7b900aa000 3081       2       org.codehaus.groovy.runtime.metaclass.NewStaticMetaMethod::getModifiers (3 bytes)
Event: 27,432 Thread 0x00007f7b900aa000 nmethod 3081 0x00007f7b81a05b90 code [0x00007f7b81a05ce0, 0x00007f7b81a05e30]
Event: 27,435 Thread 0x00007f7b900aa000 3082       2       groovy.lang.MetaClassImpl::applyStrayPropertyMethods (232 bytes)
Event: 27,436 Thread 0x00007f7b900aa000 nmethod 3082 0x00007f7b81a05ed0 code [0x00007f7b81a06120, 0x00007f7b81a06978]

GC Heap History (10 events):
Event: 13,614 GC heap after
Heap after GC invocations=5 (full 0):
 PSYoungGen      total 34304K, used 2544K [0x00000000eab00000, 0x00000000ef800000, 0x0000000100000000)
  eden space 31744K, 0% used [0x00000000eab00000,0x00000000eab00000,0x00000000eca00000)
  from space 2560K, 99% used [0x00000000eca00000,0x00000000ecc7c010,0x00000000ecc80000)
  to   space 7680K, 0% used [0x00000000ef080000,0x00000000ef080000,0x00000000ef800000)
 ParOldGen       total 42496K, used 9180K [0x00000000c0000000, 0x00000000c2980000, 0x00000000eab00000)
  object space 42496K, 21% used [0x00000000c0000000,0x00000000c08f7018,0x00000000c2980000)
 Metaspace       used 16894K, capacity 17258K, committed 17536K, reserved 1064960K
  class space    used 2282K, capacity 2397K, committed 2432K, reserved 1048576K
}
Event: 16,068 GC heap before
{Heap before GC invocations=6 (full 0):
 PSYoungGen      total 34304K, used 34288K [0x00000000eab00000, 0x00000000ef800000, 0x0000000100000000)
  eden space 31744K, 100% used [0x00000000eab00000,0x00000000eca00000,0x00000000eca00000)
  from space 2560K, 99% used [0x00000000eca00000,0x00000000ecc7c010,0x00000000ecc80000)
  to   space 7680K, 0% used [0x00000000ef080000,0x00000000ef080000,0x00000000ef800000)
 ParOldGen       total 42496K, used 9180K [0x00000000c0000000, 0x00000000c2980000, 0x00000000eab00000)
  object space 42496K, 21% used [0x00000000c0000000,0x00000000c08f7018,0x00000000c2980000)
 Metaspace       used 20132K, capacity 20514K, committed 20864K, reserved 1067008K
  class space    used 2694K, capacity 2817K, committed 2944K, reserved 1048576K
Event: 16,127 GC heap after
Heap after GC invocations=6 (full 0):
 PSYoungGen      total 70656K, used 6216K [0x00000000eab00000, 0x00000000ef900000, 0x0000000100000000)
  eden space 62976K, 0% used [0x00000000eab00000,0x00000000eab00000,0x00000000ee880000)
  from space 7680K, 80% used [0x00000000ef080000,0x00000000ef692060,0x00000000ef800000)
  to   space 8192K, 0% used [0x00000000ee880000,0x00000000ee880000,0x00000000ef080000)
 ParOldGen       total 42496K, used 9180K [0x00000000c0000000, 0x00000000c2980000, 0x00000000eab00000)
  object space 42496K, 21% used [0x00000000c0000000,0x00000000c08f7018,0x00000000c2980000)
 Metaspace       used 20132K, capacity 20514K, committed 20864K, reserved 1067008K
  class space    used 2694K, capacity 2817K, committed 2944K, reserved 1048576K
}
Event: 17,764 GC heap before
{Heap before GC invocations=7 (full 0):
 PSYoungGen      total 70656K, used 69192K [0x00000000eab00000, 0x00000000ef900000, 0x0000000100000000)
  eden space 62976K, 100% used [0x00000000eab00000,0x00000000ee880000,0x00000000ee880000)
  from space 7680K, 80% used [0x00000000ef080000,0x00000000ef692060,0x00000000ef800000)
  to   space 8192K, 0% used [0x00000000ee880000,0x00000000ee880000,0x00000000ef080000)
 ParOldGen       total 42496K, used 9180K [0x00000000c0000000, 0x00000000c2980000, 0x00000000eab00000)
  object space 42496K, 21% used [0x00000000c0000000,0x00000000c08f7018,0x00000000c2980000)
 Metaspace       used 20237K, capacity 20578K, committed 20864K, reserved 1067008K
  class space    used 2694K, capacity 2817K, committed 2944K, reserved 1048576K
Event: 17,795 GC heap after
Heap after GC invocations=7 (full 0):
 PSYoungGen      total 71168K, used 3588K [0x00000000eab00000, 0x00000000f3600000, 0x0000000100000000)
  eden space 62976K, 0% used [0x00000000eab00000,0x00000000eab00000,0x00000000ee880000)
  from space 8192K, 43% used [0x00000000ee880000,0x00000000eec01120,0x00000000ef080000)
  to   space 8192K, 0% used [0x00000000f2e00000,0x00000000f2e00000,0x00000000f3600000)
 ParOldGen       total 42496K, used 9876K [0x00000000c0000000, 0x00000000c2980000, 0x00000000eab00000)
  object space 42496K, 23% used [0x00000000c0000000,0x00000000c09a5058,0x00000000c2980000)
 Metaspace       used 20237K, capacity 20578K, committed 20864K, reserved 1067008K
  class space    used 2694K, capacity 2817K, committed 2944K, reserved 1048576K
}
Event: 19,155 GC heap before
{Heap before GC invocations=8 (full 0):
 PSYoungGen      total 71168K, used 60697K [0x00000000eab00000, 0x00000000f3600000, 0x0000000100000000)
  eden space 62976K, 90% used [0x00000000eab00000,0x00000000ee2c5438,0x00000000ee880000)
  from space 8192K, 43% used [0x00000000ee880000,0x00000000eec01120,0x00000000ef080000)
  to   space 8192K, 0% used [0x00000000f2e00000,0x00000000f2e00000,0x00000000f3600000)
 ParOldGen       total 42496K, used 9876K [0x00000000c0000000, 0x00000000c2980000, 0x00000000eab00000)
  object space 42496K, 23% used [0x00000000c0000000,0x00000000c09a5058,0x00000000c2980000)
 Metaspace       used 20769K, capacity 21122K, committed 21296K, reserved 1067008K
  class space    used 2739K, capacity 2849K, committed 2944K, reserved 1048576K
Event: 19,187 GC heap after
Heap after GC invocations=8 (full 0):
 PSYoungGen      total 133120K, used 3857K [0x00000000eab00000, 0x00000000f3500000, 0x0000000100000000)
  eden space 125952K, 0% used [0x00000000eab00000,0x00000000eab00000,0x00000000f2600000)
  from space 7168K, 53% used [0x00000000f2e00000,0x00000000f31c4530,0x00000000f3500000)
  to   space 7680K, 0% used [0x00000000f2600000,0x00000000f2600000,0x00000000f2d80000)
 ParOldGen       total 42496K, used 10644K [0x00000000c0000000, 0x00000000c2980000, 0x00000000eab00000)
  object space 42496K, 25% used [0x00000000c0000000,0x00000000c0a650d8,0x00000000c2980000)
 Metaspace       used 20769K, capacity 21122K, committed 21296K, reserved 1067008K
  class space    used 2739K, capacity 2849K, committed 2944K, reserved 1048576K
}
Event: 19,187 GC heap before
{Heap before GC invocations=9 (full 1):
 PSYoungGen      total 133120K, used 3857K [0x00000000eab00000, 0x00000000f3500000, 0x0000000100000000)
  eden space 125952K, 0% used [0x00000000eab00000,0x00000000eab00000,0x00000000f2600000)
  from space 7168K, 53% used [0x00000000f2e00000,0x00000000f31c4530,0x00000000f3500000)
  to   space 7680K, 0% used [0x00000000f2600000,0x00000000f2600000,0x00000000f2d80000)
 ParOldGen       total 42496K, used 10644K [0x00000000c0000000, 0x00000000c2980000, 0x00000000eab00000)
  object space 42496K, 25% used [0x00000000c0000000,0x00000000c0a650d8,0x00000000c2980000)
 Metaspace       used 20769K, capacity 21122K, committed 21296K, reserved 1067008K
  class space    used 2739K, capacity 2849K, committed 2944K, reserved 1048576K
Event: 19,355 GC heap after
Heap after GC invocations=9 (full 1):
 PSYoungGen      total 133120K, used 0K [0x00000000eab00000, 0x00000000f3500000, 0x0000000100000000)
  eden space 125952K, 0% used [0x00000000eab00000,0x00000000eab00000,0x00000000f2600000)
  from space 7168K, 0% used [0x00000000f2e00000,0x00000000f2e00000,0x00000000f3500000)
  to   space 7680K, 0% used [0x00000000f2600000,0x00000000f2600000,0x00000000f2d80000)
 ParOldGen       total 36864K, used 10932K [0x00000000c0000000, 0x00000000c2400000, 0x00000000eab00000)
  object space 36864K, 29% used [0x00000000c0000000,0x00000000c0aad240,0x00000000c2400000)
 Metaspace       used 20769K, capacity 21122K, committed 21296K, reserved 1067008K
  class space    used 2739K, capacity 2849K, committed 2944K, reserved 1048576K
}
Event: 27,444 GC heap before
{Heap before GC invocations=10 (full 1):
 PSYoungGen      total 133120K, used 125952K [0x00000000eab00000, 0x00000000f3500000, 0x0000000100000000)
  eden space 125952K, 100% used [0x00000000eab00000,0x00000000f2600000,0x00000000f2600000)
  from space 7168K, 0% used [0x00000000f2e00000,0x00000000f2e00000,0x00000000f3500000)
  to   space 7680K, 0% used [0x00000000f2600000,0x00000000f2600000,0x00000000f2d80000)
 ParOldGen       total 36864K, used 10932K [0x00000000c0000000, 0x00000000c2400000, 0x00000000eab00000)
  object space 36864K, 29% used [0x00000000c0000000,0x00000000c0aad240,0x00000000c2400000)
 Metaspace       used 30162K, capacity 30962K, committed 31104K, reserved 1077248K
  class space    used 3845K, capacity 4167K, committed 4224K, reserved 1048576K

Deoptimization events (10 events):
Event: 19,745 Thread 0x00007f7b48006800 Uncommon trap: reason=class_check action=maybe_recompile pc=0x00007f7b81399b00 method=sun.misc.URLClassPath.getLoader(I)Lsun/misc/URLClassPath$Loader; @ 150
Event: 19,762 Thread 0x00007f7b48006800 Uncommon trap: reason=class_check action=maybe_recompile pc=0x00007f7b81399b00 method=sun.misc.URLClassPath.getLoader(I)Lsun/misc/URLClassPath$Loader; @ 150
Event: 22,840 Thread 0x00007f7b48006800 Uncommon trap: reason=unreached action=reinterpret pc=0x00007f7b813e45c8 method=java.lang.AbstractStringBuilder.append(Ljava/lang/String;)Ljava/lang/AbstractStringBuilder; @ 1
Event: 22,931 Thread 0x00007f7b48006800 Uncommon trap: reason=unreached action=reinterpret pc=0x00007f7b817e0140 method=java.net.URLClassLoader.isSealed(Ljava/lang/String;Ljava/util/jar/Manifest;)Z @ 26
Event: 23,312 Thread 0x00007f7b48006800 Uncommon trap: reason=bimorphic action=maybe_recompile pc=0x00007f7b8160f3d0 method=java.util.Hashtable.get(Ljava/lang/Object;)Ljava/lang/Object; @ 6
Event: 23,357 Thread 0x00007f7b48006800 Uncommon trap: reason=bimorphic action=maybe_recompile pc=0x00007f7b8160f3d0 method=java.util.Hashtable.get(Ljava/lang/Object;)Ljava/lang/Object; @ 6
Event: 23,392 Thread 0x00007f7b48006800 Uncommon trap: reason=bimorphic action=maybe_recompile pc=0x00007f7b8160f3d0 method=java.util.Hashtable.get(Ljava/lang/Object;)Ljava/lang/Object; @ 6
Event: 23,488 Thread 0x00007f7b48006800 Uncommon trap: reason=bimorphic action=maybe_recompile pc=0x00007f7b8160f3d0 method=java.util.Hashtable.get(Ljava/lang/Object;)Ljava/lang/Object; @ 6
Event: 26,709 Thread 0x00007f7b48006800 Uncommon trap: reason=class_check action=maybe_recompile pc=0x00007f7b815c3914 method=java.lang.Throwable.<init>(Ljava/lang/String;Ljava/lang/Throwable;)V @ 24
Event: 26,710 Thread 0x00007f7b48006800 Uncommon trap: reason=class_check action=maybe_recompile pc=0x00007f7b815c3914 method=java.lang.Throwable.<init>(Ljava/lang/String;Ljava/lang/Throwable;)V @ 24

Internal exceptions (10 events):
Event: 27,437 Thread 0x00007f7b48006800 Exception <a 'java/security/PrivilegedActionException'> (0x00000000f25cfcf8) thrown at [/builddir/build/BUILD/java-1.8.0-openjdk-1.8.0.25-4.b18.fc21.x86_64/jdk8/hotspot/src/share/vm/prims/jvm.cpp, line 1312]
Event: 27,438 Thread 0x00007f7b48006800 Exception <a 'java/security/PrivilegedActionException'> (0x00000000f25d5718) thrown at [/builddir/build/BUILD/java-1.8.0-openjdk-1.8.0.25-4.b18.fc21.x86_64/jdk8/hotspot/src/share/vm/prims/jvm.cpp, line 1312]
Event: 27,438 Thread 0x00007f7b48006800 Exception <a 'java/security/PrivilegedActionException'> (0x00000000f25daa80) thrown at [/builddir/build/BUILD/java-1.8.0-openjdk-1.8.0.25-4.b18.fc21.x86_64/jdk8/hotspot/src/share/vm/prims/jvm.cpp, line 1312]
Event: 27,438 Thread 0x00007f7b48006800 Exception <a 'java/security/PrivilegedActionException'> (0x00000000f25df3c0) thrown at [/builddir/build/BUILD/java-1.8.0-openjdk-1.8.0.25-4.b18.fc21.x86_64/jdk8/hotspot/src/share/vm/prims/jvm.cpp, line 1312]
Event: 27,441 Thread 0x00007f7b48006800 Exception <a 'java/lang/ClassNotFoundException': com/android/build/gradle/internal/SdkHandlerBeanInfo> (0x00000000f25dfab8) thrown at [/builddir/build/BUILD/java-1.8.0-openjdk-1.8.0.25-4.b18.fc21.x86_64/jdk8/hotspot/src/share/vm/classfile/systemDictionary
Event: 27,441 Thread 0x00007f7b48006800 Exception <a 'java/security/PrivilegedActionException'> (0x00000000f25e10b0) thrown at [/builddir/build/BUILD/java-1.8.0-openjdk-1.8.0.25-4.b18.fc21.x86_64/jdk8/hotspot/src/share/vm/prims/jvm.cpp, line 1312]
Event: 27,442 Thread 0x00007f7b48006800 Exception <a 'java/security/PrivilegedActionException'> (0x00000000f25e6550) thrown at [/builddir/build/BUILD/java-1.8.0-openjdk-1.8.0.25-4.b18.fc21.x86_64/jdk8/hotspot/src/share/vm/prims/jvm.cpp, line 1312]
Event: 27,442 Thread 0x00007f7b48006800 Exception <a 'java/security/PrivilegedActionException'> (0x00000000f25eafb0) thrown at [/builddir/build/BUILD/java-1.8.0-openjdk-1.8.0.25-4.b18.fc21.x86_64/jdk8/hotspot/src/share/vm/prims/jvm.cpp, line 1312]
Event: 27,442 Thread 0x00007f7b48006800 Exception <a 'java/lang/ClassNotFoundException': com/android/build/gradle/internal/SdkHandlerCustomizer> (0x00000000f25eb6b0) thrown at [/builddir/build/BUILD/java-1.8.0-openjdk-1.8.0.25-4.b18.fc21.x86_64/jdk8/hotspot/src/share/vm/classfile/systemDictiona
Event: 27,443 Thread 0x00007f7b48006800 Exception <a 'java/security/PrivilegedActionException'> (0x00000000f25f54c8) thrown at [/builddir/build/BUILD/java-1.8.0-openjdk-1.8.0.25-4.b18.fc21.x86_64/jdk8/hotspot/src/share/vm/prims/jvm.cpp, line 1312]

Events (10 events):
Event: 27,438 loading class com/android/build/gradle/internal/SdkHandlerBeanInfo done
Event: 27,438 loading class com/android/build/gradle/internal/SdkHandlerBeanInfo
Event: 27,438 loading class com/android/build/gradle/internal/SdkHandlerBeanInfo done
Event: 27,441 loading class com/android/build/gradle/internal/SdkHandlerCustomizer
Event: 27,441 loading class com/android/build/gradle/internal/SdkHandlerCustomizer done
Event: 27,442 loading class com/android/build/gradle/internal/SdkHandlerCustomizer
Event: 27,442 loading class com/android/build/gradle/internal/SdkHandlerCustomizer done
Event: 27,443 loading class com/google/common/base/Charsets
Event: 27,443 loading class com/google/common/base/Charsets done
Event: 27,444 Executing VM operation: ParallelGCFailedAllocation


Dynamic libraries:
00400000-00401000 r-xp 00000000 fd:00 2371840                            /usr/lib/jvm/java-1.8.0-openjdk-1.8.0.25-4.b18.fc21.x86_64/bin/java
00600000-00601000 r--p 00000000 fd:00 2371840                            /usr/lib/jvm/java-1.8.0-openjdk-1.8.0.25-4.b18.fc21.x86_64/bin/java
00601000-00602000 rw-p 00001000 fd:00 2371840                            /usr/lib/jvm/java-1.8.0-openjdk-1.8.0.25-4.b18.fc21.x86_64/bin/java
013b3000-01f60000 rw-p 00000000 00:00 0                                  [heap]
c0000000-c2400000 rw-p 00000000 00:00 0 
c2400000-eab00000 ---p 00000000 00:00 0 
eab00000-f3500000 rw-p 00000000 00:00 0 
f3500000-100000000 ---p 00000000 00:00 0 
100000000-100420000 rw-p 00000000 00:00 0 
100420000-140000000 ---p 00000000 00:00 0 
7f7b3c000000-7f7b3c021000 rw-p 00000000 00:00 0 
7f7b3c021000-7f7b40000000 ---p 00000000 00:00 0 
7f7b40000000-7f7b40021000 rw-p 00000000 00:00 0 
7f7b40021000-7f7b44000000 ---p 00000000 00:00 0 
7f7b44000000-7f7b4402c000 rw-p 00000000 00:00 0 
7f7b4402c000-7f7b48000000 ---p 00000000 00:00 0 
7f7b48000000-7f7b48021000 rw-p 00000000 00:00 0 
7f7b48021000-7f7b4c000000 ---p 00000000 00:00 0 
7f7b4c000000-7f7b4c021000 rw-p 00000000 00:00 0 
7f7b4c021000-7f7b50000000 ---p 00000000 00:00 0 
7f7b50000000-7f7b50021000 rw-p 00000000 00:00 0 
7f7b50021000-7f7b54000000 ---p 00000000 00:00 0 
7f7b54000000-7f7b55a6c000 rw-p 00000000 00:00 0 
7f7b55a6c000-7f7b58000000 ---p 00000000 00:00 0 
7f7b58000000-7f7b58719000 rw-p 00000000 00:00 0 
7f7b58719000-7f7b5c000000 ---p 00000000 00:00 0 
7f7b5c000000-7f7b5c021000 rw-p 00000000 00:00 0 
7f7b5c021000-7f7b60000000 ---p 00000000 00:00 0 
7f7b61a8d000-7f7b68000000 r--p 00000000 fd:00 1714072                    /usr/lib/locale/locale-archive
7f7b68000000-7f7b68021000 rw-p 00000000 00:00 0 
7f7b68021000-7f7b6c000000 ---p 00000000 00:00 0 
7f7b6c000000-7f7b6c021000 rw-p 00000000 00:00 0 
7f7b6c021000-7f7b70000000 ---p 00000000 00:00 0 
7f7b70000000-7f7b70084000 rw-p 00000000 00:00 0 
7f7b70084000-7f7b74000000 ---p 00000000 00:00 0 
7f7b74000000-7f7b74021000 rw-p 00000000 00:00 0 
7f7b74021000-7f7b78000000 ---p 00000000 00:00 0 
7f7b78fda000-7f7b7901c000 rw-p 00000000 00:00 0 
7f7b7901c000-7f7b791dc000 ---p 00000000 00:00 0 
7f7b791dc000-7f7b791de000 r--s 0000d000 fd:02 1704014                    /home/aschuijlenborgh/android-studio/gradle/m2repository/commons-codec/commons-codec/1.4/commons-codec-1.4.jar
7f7b791de000-7f7b791e0000 r--s 0000d000 fd:02 1576983                    /home/aschuijlenborgh/android-studio/gradle/m2repository/commons-logging/commons-logging/1.1.1/commons-logging-1.1.1.jar
7f7b791e0000-7f7b791e5000 r--s 00028000 fd:02 1576978                    /home/aschuijlenborgh/android-studio/gradle/m2repository/org/apache/httpcomponents/httpcore/4.1/httpcore-4.1.jar
7f7b791e5000-7f7b791e7000 r--s 00004000 fd:02 1312431                    /home/aschuijlenborgh/android-studio/gradle/m2repository/org/ow2/asm/asm-tree/4.0/asm-tree-4.0.jar
7f7b791e7000-7f7b791f0000 r--s 000a7000 fd:02 1703957                    /home/aschuijlenborgh/android-studio/gradle/m2repository/com/android/tools/external/lombok/lombok-ast/0.2.2/lombok-ast-0.2.2.jar
7f7b791f0000-7f7b791f2000 r--s 0000a000 fd:02 1312427                    /home/aschuijlenborgh/android-studio/gradle/m2repository/org/ow2/asm/asm/4.0/asm-4.0.jar
7f7b791f2000-7f7b791f3000 r--s 0000a000 fd:02 1576992                    /home/aschuijlenborgh/android-studio/gradle/m2repository/net/sf/kxml/kxml2/2.3.0/kxml2-2.3.0.jar
7f7b791f3000-7f7b7921e000 r--s 001f9000 fd:02 1577019                    /home/aschuijlenborgh/android-studio/gradle/m2repository/com/google/guava/guava/17.0/guava-17.0.jar
7f7b7921e000-7f7b79225000 r--s 00053000 fd:02 1576934                    /home/aschuijlenborgh/android-studio/gradle/m2repository/org/apache/commons/commons-compress/1.8.1/commons-compress-1.8.1.jar
7f7b79225000-7f7b79227000 r--s 00005000 fd:02 1576969                    /home/aschuijlenborgh/android-studio/gradle/m2repository/org/apache/httpcomponents/httpmime/4.1/httpmime-4.1.jar
7f7b79227000-7f7b7922f000 r--s 0004e000 fd:02 1576958                    /home/aschuijlenborgh/android-studio/gradle/m2repository/org/apache/httpcomponents/httpclient/4.1.1/httpclient-4.1.1.jar
7f7b7922f000-7f7b79230000 r--s 00005000 fd:02 1577307                    /home/aschuijlenborgh/.gradle/caches/modules-2/files-2.1/com.android.tools/dvlib/23.2.4/23aac92f68c14330b65dfe670fe6054b67779ea4/dvlib-23.2.4.jar
7f7b79230000-7f7b79233000 r--s 00011000 fd:02 1577305                    /home/aschuijlenborgh/.gradle/caches/modules-2/files-2.1/com.android.tools.layoutlib/layoutlib-api/23.2.4/9e8f7a64ab039355cdc48ac6623de91602ee19e6/layoutlib-api-23.2.4.jar
7f7b79233000-7f7b79234000 r--s 00004000 fd:02 1312437                    /home/aschuijlenborgh/android-studio/gradle/m2repository/org/ow2/asm/asm-analysis/4.0/asm-analysis-4.0.jar
7f7b79234000-7f7b79237000 r--s 00029000 fd:02 1577303                    /home/aschuijlenborgh/.gradle/caches/modules-2/files-2.1/com.android.tools.lint/lint-api/23.2.4/567646b0f7ea5d121b997341fef42c3ba81d24b6/lint-api-23.2.4.jar
7f7b79237000-7f7b79247000 r--s 000d3000 fd:02 1577000                    /home/aschuijlenborgh/android-studio/gradle/m2repository/net/sf/proguard/proguard-base/5.1/proguard-base-5.1.jar
7f7b79247000-7f7b7924a000 r--s 00029000 fd:02 1577301                    /home/aschuijlenborgh/.gradle/caches/modules-2/files-2.1/com.android.tools.build/manifest-merger/23.2.4/c0d9487647b23433e7d6ed0b8f82b4c3992688a1/manifest-merger-23.2.4.jar
7f7b7924a000-7f7b79258000 r--s 00081000 fd:02 1576921                    /home/aschuijlenborgh/android-studio/gradle/m2repository/org/bouncycastle/bcpkix-jdk15on/1.48/bcpkix-jdk15on-1.48.jar
7f7b79258000-7f7b7925d000 r--s 00047000 fd:02 1577299                    /home/aschuijlenborgh/.gradle/caches/modules-2/files-2.1/com.android.tools/sdk-common/23.2.4/79c8d632a2c178aa87dce54b8978d9241918cce4/sdk-common-23.2.4.jar
7f7b7925d000-7f7b79262000 r--s 00042000 fd:02 1577297                    /home/aschuijlenborgh/.gradle/caches/modules-2/files-2.1/com.android.tools.ddms/ddmlib/23.2.4/44caadfadae160201b3e9075379d746244c02abf/ddmlib-23.2.4.jar
7f7b79262000-7f7b79264000 r--s 00003000 fd:02 1577295                    /home/aschuijlenborgh/.gradle/caches/modules-2/files-2.1/com.android.tools.build/builder-model/0.14.4/18ab53946fcca900a2577fca51a247a7f8f280ea/builder-model-0.14.4.jar
7f7b79264000-7f7b79265000 r--s 00000000 fd:02 1577293                    /home/aschuijlenborgh/.gradle/caches/modules-2/files-2.1/com.android.tools.build/builder-test-api/0.14.4/a88128755a08901f0a9ea6a2949a6f73e255bd33/builder-test-api-0.14.4.jar
7f7b79265000-7f7b79267000 r--s 00002000 fd:02 1704007                    /home/aschuijlenborgh/android-studio/gradle/m2repository/com/squareup/javawriter/2.5.0/javawriter-2.5.0.jar
7f7b79267000-7f7b7929a000 r--s 00203000 fd:02 1576926                    /home/aschuijlenborgh/android-studio/gradle/m2repository/org/bouncycastle/bcprov-jdk15on/1.48/bcprov-jdk15on-1.48.jar
7f7b7929a000-7f7b7929c000 r--s 00014000 fd:02 1577291                    /home/aschuijlenborgh/.gradle/caches/modules-2/files-2.1/com.android.tools/common/23.2.4/2f33b332b986d38fce7d88fbaf17c7add1fa8269/common-23.2.4.jar
7f7b7929c000-7f7b792a5000 r--s 000a8000 fd:02 1577289                    /home/aschuijlenborgh/.gradle/caches/modules-2/files-2.1/com.android.tools/sdklib/23.2.4/2695aca03e3acdc849cb4183eb7ab617c856ef0/sdklib-23.2.4.jar
7f7b792a5000-7f7b792b4000 r--s 001a9000 fd:02 1312451                    /home/aschuijlenborgh/android-studio/gradle/m2repository/org/eclipse/jdt/core/compiler/ecj/4.2.2/ecj-4.2.2.jar
7f7b792b4000-7f7b792ba000 r--s 0008b000 fd:02 1577287                    /home/aschuijlenborgh/.gradle/caches/modules-2/files-2.1/com.android.tools.lint/lint-checks/23.2.4/e8e529e922cdaf1a2fd165b44861b3526b6048ec/lint-checks-23.2.4.jar
7f7b792ba000-7f7b792bb000 r--s 00002000 fd:02 1577007                    /home/aschuijlenborgh/android-studio/gradle/m2repository/net/sf/proguard/proguard-gradle/5.1/proguard-gradle-5.1.jar
7f7b792bb000-7f7b792bf000 r--s 00030000 fd:02 1577285                    /home/aschuijlenborgh/.gradle/caches/modules-2/files-2.1/com.android.tools.build/builder/0.14.4/750d46dfcef4cad7b5d8d185532b3e1911cc70e4/builder-0.14.4.jar
7f7b792bf000-7f7b792c1000 r--s 00018000 fd:02 1577283                    /home/aschuijlenborgh/.gradle/caches/modules-2/files-2.1/com.android.tools.lint/lint/23.2.4/575bc72bd419b83aecd085d921937c86906ed981/lint-23.2.4.jar
7f7b792c1000-7f7b792d0000 r--s 00136000 fd:02 1577281                    /home/aschuijlenborgh/.gradle/caches/modules-2/files-2.1/com.android.tools.build/gradle/0.14.4/226b7cca4955cc9cbc7fea7a8c2302c96752aa87/gradle-0.14.4.jar
7f7b792d0000-7f7b794d0000 rw-p 00000000 00:00 0 
7f7b794d0000-7f7b796d0000 rw-p 00000000 00:00 0 
7f7b796d0000-7f7b798d0000 rw-p 00000000 00:00 0 
7f7b798d0000-7f7b79ad0000 rw-p 00000000 00:00 0 
7f7b79ad0000-7f7b79cd0000 rw-p 00000000 00:00 0 
7f7b79cd0000-7f7b79cd3000 ---p 00000000 00:00 0 
7f7b79cd3000-7f7b79d09000 rw-p 00000000 00:00 0                          [stack:3589]
7f7b79d09000-7f7b79d0a000 r--p 00000000 00:00 0 
7f7b79d0a000-7f7b79f0a000 rw-p 00000000 00:00 0 
7f7b79f0a000-7f7b79f0c000 r--s 00003000 fd:02 1577107                    /home/aschuijlenborgh/.gradle/caches/jars-1/oo1391wtkp3dnxdiw99w2zqtmdwx9pg/builder-model-0.14.3.jar
7f7b79f0c000-7f7b79f0d000 r--s 00000000 fd:02 1577109                    /home/aschuijlenborgh/.gradle/caches/jars-1/dg22azhabc6tsc1i8xni15giz1bnssh/gradle-appengine-builder-model-0.1.0.jar
7f7b79f0d000-7f7b79fc7000 r--s 00fb5000 fd:02 1577105                    /home/aschuijlenborgh/.gradle/caches/jars-1/3tyokag4fnsc364zi1zfjezpyvhhzhe/openapi.jar
7f7b79fc7000-7f7b79fc9000 r--s 00005000 fd:02 1577103                    /home/aschuijlenborgh/.gradle/caches/jars-1/jzip25rj1fg3wy57o484m465ocbg00m/gradle-tooling-extension-api.jar
7f7b79fc9000-7f7b79fcf000 r--s 00026000 fd:02 1577101                    /home/aschuijlenborgh/.gradle/caches/jars-1/qlb402qqdb9mu9614i3hr843cfch7zw/gradle-base-services-2.2.jar
7f7b79fcf000-7f7b79ff7000 r--s 001cf000 fd:02 1577099                    /home/aschuijlenborgh/.gradle/caches/jars-1/87eo0lrvp84r6dbxjq018wy66es2era/guava-jdk5-17.0.jar
7f7b79ff7000-7f7b7a000000 r--s 0002c000 fd:02 1577097                    /home/aschuijlenborgh/.gradle/caches/jars-1/ltkluv74baem3ersp41z8rutm6he5v5/gradle-tooling-api-2.2.jar
7f7b7a000000-7f7b7a003000 ---p 00000000 00:00 0 
7f7b7a003000-7f7b7a301000 rw-p 00000000 00:00 0                          [stack:3586]
7f7b7a301000-7f7b7a501000 rw-p 00000000 00:00 0 
7f7b7a501000-7f7b7a57a000 r--s 010e5000 fd:00 2371898                    /usr/lib/jvm/java-1.8.0-openjdk-1.8.0.25-4.b18.fc21.x86_64/lib/tools.jar
7f7b7a57a000-7f7b7a57d000 ---p 00000000 00:00 0 
7f7b7a57d000-7f7b7a67b000 rw-p 00000000 00:00 0                          [stack:3580]
7f7b7a67b000-7f7b7a67e000 ---p 00000000 00:00 0 
7f7b7a67e000-7f7b7a77c000 rw-p 00000000 00:00 0                          [stack:3577]
7f7b7a77c000-7f7b7a77f000 ---p 00000000 00:00 0 
7f7b7a77f000-7f7b7aa7d000 rw-p 00000000 00:00 0                          [stack:3576]
7f7b7aa7d000-7f7b7aa80000 ---p 00000000 00:00 0 
7f7b7aa80000-7f7b7ab7e000 rw-p 00000000 00:00 0                          [stack:3575]
7f7b7ab7e000-7f7b7ab81000 ---p 00000000 00:00 0 
7f7b7ab81000-7f7b7ac7f000 rw-p 00000000 00:00 0                          [stack:3574]
7f7b7ac7f000-7f7b7ac82000 ---p 00000000 00:00 0 
7f7b7ac82000-7f7b7ad80000 rw-p 00000000 00:00 0                          [stack:3573]
7f7b7ad80000-7f7b7ad91000 r-xp 00000000 fd:00 2236325                    /usr/lib/jvm/java-1.8.0-openjdk-1.8.0.25-4.b18.fc21.x86_64/jre/lib/amd64/libnio.so
7f7b7ad91000-7f7b7af90000 ---p 00011000 fd:00 2236325                    /usr/lib/jvm/java-1.8.0-openjdk-1.8.0.25-4.b18.fc21.x86_64/jre/lib/amd64/libnio.so
7f7b7af90000-7f7b7af91000 r--p 00010000 fd:00 2236325                    /usr/lib/jvm/java-1.8.0-openjdk-1.8.0.25-4.b18.fc21.x86_64/jre/lib/amd64/libnio.so
7f7b7af91000-7f7b7af92000 rw-p 00011000 fd:00 2236325                    /usr/lib/jvm/java-1.8.0-openjdk-1.8.0.25-4.b18.fc21.x86_64/jre/lib/amd64/libnio.so
7f7b7af92000-7f7b7afa9000 r-xp 00000000 fd:00 2236324                    /usr/lib/jvm/java-1.8.0-openjdk-1.8.0.25-4.b18.fc21.x86_64/jre/lib/amd64/libnet.so
7f7b7afa9000-7f7b7b1a8000 ---p 00017000 fd:00 2236324                    /usr/lib/jvm/java-1.8.0-openjdk-1.8.0.25-4.b18.fc21.x86_64/jre/lib/amd64/libnet.so
7f7b7b1a8000-7f7b7b1a9000 r--p 00016000 fd:00 2236324                    /usr/lib/jvm/java-1.8.0-openjdk-1.8.0.25-4.b18.fc21.x86_64/jre/lib/amd64/libnet.so
7f7b7b1a9000-7f7b7b1aa000 rw-p 00017000 fd:00 2236324                    /usr/lib/jvm/java-1.8.0-openjdk-1.8.0.25-4.b18.fc21.x86_64/jre/lib/amd64/libnet.so
7f7b7b1aa000-7f7b7b1ae000 r-xp 00000000 00:23 110885                     /tmp/native-platform618657437290542919dir/libnative-platform.so
7f7b7b1ae000-7f7b7b3ad000 ---p 00004000 00:23 110885                     /tmp/native-platform618657437290542919dir/libnative-platform.so
7f7b7b3ad000-7f7b7b3ae000 rw-p 00003000 00:23 110885                     /tmp/native-platform618657437290542919dir/libnative-platform.so
7f7b7b3ae000-7f7b7b3b2000 r--s 00093000 fd:00 2236348                    /usr/lib/jvm/java-1.8.0-openjdk-1.8.0.25-4.b18.fc21.x86_64/jre/lib/jsse.jar
7f7b7b3b2000-7f7b7b3b3000 r--s 00001000 fd:02 1577501                    /home/aschuijlenborgh/.gradle/wrapper/dists/gradle-2.2.1-all/c64ydeuardnfqctvr1gm30w53/gradle-2.2.1/lib/plugins/gradle-plugin-development-2.2.1.jar
7f7b7b3b3000-7f7b7b3b5000 r--s 00002000 fd:02 1577500                    /home/aschuijlenborgh/.gradle/wrapper/dists/gradle-2.2.1-all/c64ydeuardnfqctvr1gm30w53/gradle-2.2.1/lib/plugins/gradle-cunit-2.2.1.jar
7f7b7b3b5000-7f7b7b3ba000 r--s 00036000 fd:02 1577499                    /home/aschuijlenborgh/.gradle/wrapper/dists/gradle-2.2.1-all/c64ydeuardnfqctvr1gm30w53/gradle-2.2.1/lib/plugins/gradle-ide-native-2.2.1.jar
7f7b7b3ba000-7f7b7b3bf000 r--s 00013000 fd:02 1577498                    /home/aschuijlenborgh/.gradle/wrapper/dists/gradle-2.2.1-all/c64ydeuardnfqctvr1gm30w53/gradle-2.2.1/lib/plugins/gradle-language-native-2.2.1.jar
7f7b7b3bf000-7f7b7b3ca000 r--s 0004d000 fd:02 1577497                    /home/aschuijlenborgh/.gradle/wrapper/dists/gradle-2.2.1-all/c64ydeuardnfqctvr1gm30w53/gradle-2.2.1/lib/plugins/gradle-platform-native-2.2.1.jar
7f7b7b3ca000-7f7b7b3cc000 r--s 00008000 fd:02 1577496                    /home/aschuijlenborgh/.gradle/wrapper/dists/gradle-2.2.1-all/c64ydeuardnfqctvr1gm30w53/gradle-2.2.1/lib/plugins/gradle-language-groovy-2.2.1.jar
7f7b7b3cc000-7f7b7b3d1000 r--s 00022000 fd:02 1577495                    /home/aschuijlenborgh/.gradle/wrapper/dists/gradle-2.2.1-all/c64ydeuardnfqctvr1gm30w53/gradle-2.2.1/lib/plugins/gradle-language-java-2.2.1.jar
7f7b7b3d1000-7f7b7b3d4000 r--s 00007000 fd:02 1577494                    /home/aschuijlenborgh/.gradle/wrapper/dists/gradle-2.2.1-all/c64ydeuardnfqctvr1gm30w53/gradle-2.2.1/lib/plugins/gradle-language-jvm-2.2.1.jar
7f7b7b3d4000-7f7b7b3d7000 r--s 00009000 fd:02 1577493                    /home/aschuijlenborgh/.gradle/wrapper/dists/gradle-2.2.1-all/c64ydeuardnfqctvr1gm30w53/gradle-2.2.1/lib/plugins/gradle-platform-jvm-2.2.1.jar
7f7b7b3d7000-7f7b7b3dc000 r--s 00018000 fd:02 1577492                    /home/aschuijlenborgh/.gradle/wrapper/dists/gradle-2.2.1-all/c64ydeuardnfqctvr1gm30w53/gradle-2.2.1/lib/plugins/gradle-platform-base-2.2.1.jar
7f7b7b3dc000-7f7b7b3e1000 r--s 00026000 fd:02 1577491                    /home/aschuijlenborgh/.gradle/wrapper/dists/gradle-2.2.1-all/c64ydeuardnfqctvr1gm30w53/gradle-2.2.1/lib/plugins/gradle-build-init-2.2.1.jar
7f7b7b3e1000-7f7b7b3e4000 r--s 0001d000 fd:02 1577490                    /home/aschuijlenborgh/.gradle/wrapper/dists/gradle-2.2.1-all/c64ydeuardnfqctvr1gm30w53/gradle-2.2.1/lib/plugins/gradle-jacoco-2.2.1.jar
7f7b7b3e4000-7f7b7b3e7000 r--s 0000d000 fd:02 1577489                    /home/aschuijlenborgh/.gradle/wrapper/dists/gradle-2.2.1-all/c64ydeuardnfqctvr1gm30w53/gradle-2.2.1/lib/plugins/gradle-ivy-2.2.1.jar
7f7b7b3e7000-7f7b7b3e9000 r--s 00002000 fd:02 1577488                    /home/aschuijlenborgh/.gradle/wrapper/dists/gradle-2.2.1-all/c64ydeuardnfqctvr1gm30w53/gradle-2.2.1/lib/plugins/gradle-publish-2.2.1.jar
7f7b7b3e9000-7f7b7b3eb000 r--s 00005000 fd:02 1577526                    /home/aschuijlenborgh/.gradle/wrapper/dists/gradle-2.2.1-all/c64ydeuardnfqctvr1gm30w53/gradle-2.2.1/lib/plugins/jatl-0.2.2.jar
7f7b7b3eb000-7f7b7b3ed000 r--s 0000f000 fd:02 1577487                    /home/aschuijlenborgh/.gradle/wrapper/dists/gradle-2.2.1-all/c64ydeuardnfqctvr1gm30w53/gradle-2.2.1/lib/plugins/gradle-reporting-2.2.1.jar
7f7b7b3ed000-7f7b7b3f2000 r--s 00034000 fd:02 1577486                    /home/aschuijlenborgh/.gradle/wrapper/dists/gradle-2.2.1-all/c64ydeuardnfqctvr1gm30w53/gradle-2.2.1/lib/plugins/gradle-diagnostics-2.2.1.jar
7f7b7b3f2000-7f7b7b3f9000 r--s 00090000 fd:02 1577485                    /home/aschuijlenborgh/.gradle/wrapper/dists/gradle-2.2.1-all/c64ydeuardnfqctvr1gm30w53/gradle-2.2.1/lib/plugins/gradle-build-comparison-2.2.1.jar
7f7b7b3f9000-7f7b7b400000 r--s 00035000 fd:02 1577525                    /home/aschuijlenborgh/.gradle/wrapper/dists/gradle-2.2.1-all/c64ydeuardnfqctvr1gm30w53/gradle-2.2.1/lib/plugins/simple-4.1.21.jar
7f7b7b400000-7f7b7b40c000 r--s 00100000 fd:02 1577523                    /home/aschuijlenborgh/.gradle/wrapper/dists/gradle-2.2.1-all/c64ydeuardnfqctvr1gm30w53/gradle-2.2.1/lib/plugins/rhino-1.7R3.jar
7f7b7b40c000-7f7b7b411000 r--s 0001f000 fd:02 1577484                    /home/aschuijlenborgh/.gradle/wrapper/dists/gradle-2.2.1-all/c64ydeuardnfqctvr1gm30w53/gradle-2.2.1/lib/plugins/gradle-javascript-2.2.1.jar
7f7b7b411000-7f7b7b413000 r--s 0000e000 fd:02 1577483                    /home/aschuijlenborgh/.gradle/wrapper/dists/gradle-2.2.1-all/c64ydeuardnfqctvr1gm30w53/gradle-2.2.1/lib/plugins/gradle-ear-2.2.1.jar
7f7b7b413000-7f7b7b417000 r--s 00025000 fd:02 1577522                    /home/aschuijlenborgh/.gradle/wrapper/dists/gradle-2.2.1-all/c64ydeuardnfqctvr1gm30w53/gradle-2.2.1/lib/plugins/bcpg-jdk15-1.46.jar
7f7b7b417000-7f7b7b41a000 r--s 0001d000 fd:02 1577482                    /home/aschuijlenborgh/.gradle/wrapper/dists/gradle-2.2.1-all/c64ydeuardnfqctvr1gm30w53/gradle-2.2.1/lib/plugins/gradle-signing-2.2.1.jar
7f7b7b41a000-7f7b7b41d000 r--s 00018000 fd:02 1577481                    /home/aschuijlenborgh/.gradle/wrapper/dists/gradle-2.2.1-all/c64ydeuardnfqctvr1gm30w53/gradle-2.2.1/lib/plugins/gradle-sonar-2.2.1.jar
7f7b7b41d000-7f7b7b420000 r--s 00017000 fd:02 1577480                    /home/aschuijlenborgh/.gradle/wrapper/dists/gradle-2.2.1-all/c64ydeuardnfqctvr1gm30w53/gradle-2.2.1/lib/plugins/gradle-scala-2.2.1.jar
7f7b7b420000-7f7b7b42e000 r--s 000bc000 fd:02 1577478                    /home/aschuijlenborgh/.gradle/wrapper/dists/gradle-2.2.1-all/c64ydeuardnfqctvr1gm30w53/gradle-2.2.1/lib/plugins/gradle-ide-2.2.1.jar
7f7b7b42e000-7f7b7b430000 r--s 00002000 fd:02 1577512                    /home/aschuijlenborgh/.gradle/wrapper/dists/gradle-2.2.1-all/c64ydeuardnfqctvr1gm30w53/gradle-2.2.1/lib/plugins/jetty-annotations-6.1.25.jar
7f7b7b430000-7f7b7b431000 r--s 00002000 fd:02 1577521                    /home/aschuijlenborgh/.gradle/wrapper/dists/gradle-2.2.1-all/c64ydeuardnfqctvr1gm30w53/gradle-2.2.1/lib/plugins/sonar-batch-bootstrapper-2.9.jar
7f7b7b431000-7f7b7b433000 r--s 0000e000 fd:02 1577479                    /home/aschuijlenborgh/.gradle/wrapper/dists/gradle-2.2.1-all/c64ydeuardnfqctvr1gm30w53/gradle-2.2.1/lib/plugins/gradle-announce-2.2.1.jar
7f7b7b433000-7f7b7b435000 r--s 00000000 fd:02 1577520                    /home/aschuijlenborgh/.gradle/wrapper/dists/gradle-2.2.1-all/c64ydeuardnfqctvr1gm30w53/gradle-2.2.1/lib/plugins/plexus-component-annotations-1.5.2.jar
7f7b7b435000-7f7b7b438000 r--s 0000c000 fd:02 1577519                    /home/aschuijlenborgh/.gradle/wrapper/dists/gradle-2.2.1-all/c64ydeuardnfqctvr1gm30w53/gradle-2.2.1/lib/plugins/pmaven-groovy-0.8-20100325.jar
7f7b7b438000-7f7b7b439000 r--s 00004000 fd:02 1577518                    /home/aschuijlenborgh/.gradle/wrapper/dists/gradle-2.2.1-all/c64ydeuardnfqctvr1gm30w53/gradle-2.2.1/lib/plugins/pmaven-common-0.8-20100325.jar
7f7b7b439000-7f7b7b43d000 r--s 0001e000 fd:02 1577477                    /home/aschuijlenborgh/.gradle/wrapper/dists/gradle-2.2.1-all/c64ydeuardnfqctvr1gm30w53/gradle-2.2.1/lib/plugins/gradle-maven-2.2.1.jar
7f7b7b43d000-7f7b7b455000 r--s 0013b000 fd:02 1577516                    /home/aschuijlenborgh/.gradle/wrapper/dists/gradle-2.2.1-all/c64ydeuardnfqctvr1gm30w53/gradle-2.2.1/lib/plugins/bndlib-2.1.0.jar
7f7b7b455000-7f7b7b457000 r--s 00004000 fd:02 1577476                    /home/aschuijlenborgh/.gradle/wrapper/dists/gradle-2.2.1-all/c64ydeuardnfqctvr1gm30w53/gradle-2.2.1/lib/plugins/gradle-osgi-2.2.1.jar
7f7b7b457000-7f7b7b45c000 r--s 00068000 fd:02 1577515                    /home/aschuijlenborgh/.gradle/wrapper/dists/gradle-2.2.1-all/c64ydeuardnfqctvr1gm30w53/gradle-2.2.1/lib/plugins/antlr-2.7.7.jar
7f7b7b45c000-7f7b7b45d000 r--s 00002000 fd:02 1577514                    /home/aschuijlenborgh/.gradle/wrapper/dists/gradle-2.2.1-all/c64ydeuardnfqctvr1gm30w53/gradle-2.2.1/lib/plugins/ant-antlr-1.9.3.jar
7f7b7b45d000-7f7b7b45f000 r--s 00004000 fd:02 1577475                    /home/aschuijlenborgh/.gradle/wrapper/dists/gradle-2.2.1-all/c64ydeuardnfqctvr1gm30w53/gradle-2.2.1/lib/plugins/gradle-antlr-2.2.1.jar
7f7b7b45f000-7f7b7b462000 r--s 0001e000 fd:02 1577537                    /home/aschuijlenborgh/.gradle/wrapper/dists/gradle-2.2.1-all/c64ydeuardnfqctvr1gm30w53/gradle-2.2.1/lib/plugins/jsp-api-2.1-6.1.14.jar
7f7b7b462000-7f7b7b485000 r--s 00344000 fd:02 1577536                    /home/aschuijlenborgh/.gradle/wrapper/dists/gradle-2.2.1-all/c64ydeuardnfqctvr1gm30w53/gradle-2.2.1/lib/plugins/core-3.1.1.jar
7f7b7b485000-7f7b7b486000 r--s 00006000 fd:02 1577535                    /home/aschuijlenborgh/.gradle/wrapper/dists/gradle-2.2.1-all/c64ydeuardnfqctvr1gm30w53/gradle-2.2.1/lib/plugins/jetty-naming-6.1.25.jar
7f7b7b486000-7f7b7b487000 r--s 00002000 fd:02 1577513                    /home/aschuijlenborgh/.gradle/wrapper/dists/gradle-2.2.1-all/c64ydeuardnfqctvr1gm30w53/gradle-2.2.1/lib/plugins/geronimo-annotation_1.0_spec-1.0.jar
7f7b7b487000-7f7b7b498000 r--s 000ea000 fd:02 1577511                    /home/aschuijlenborgh/.gradle/wrapper/dists/gradle-2.2.1-all/c64ydeuardnfqctvr1gm30w53/gradle-2.2.1/lib/plugins/jsp-2.1-6.1.14.jar
7f7b7b498000-7f7b7b49a000 r--s 0000d000 fd:02 1577510                    /home/aschuijlenborgh/.gradle/wrapper/dists/gradle-2.2.1-all/c64ydeuardnfqctvr1gm30w53/gradle-2.2.1/lib/plugins/jetty-plus-6.1.25.jar
7f7b7b49a000-7f7b7b49c000 r--s 0001f000 fd:02 1577509                    /home/aschuijlenborgh/.gradle/wrapper/dists/gradle-2.2.1-all/c64ydeuardnfqctvr1gm30w53/gradle-2.2.1/lib/plugins/servlet-api-2.5-20081211.jar
7f7b7b49c000-7f7b7b4a0000 r--s 00028000 fd:02 1577508                    /home/aschuijlenborgh/.gradle/wrapper/dists/gradle-2.2.1-all/c64ydeuardnfqctvr1gm30w53/gradle-2.2.1/lib/plugins/jetty-util-6.1.25.jar
7f7b7b4a0000-7f7b7b4a7000 r--s 0007d000 fd:02 1577507                    /home/aschuijlenborgh/.gradle/wrapper/dists/gradle-2.2.1-all/c64ydeuardnfqctvr1gm30w53/gradle-2.2.1/lib/plugins/jetty-6.1.25.jar
7f7b7b4a7000-7f7b7b4a9000 r--s 00009000 fd:02 1577474                    /home/aschuijlenborgh/.gradle/wrapper/dists/gradle-2.2.1-all/c64ydeuardnfqctvr1gm30w53/gradle-2.2.1/lib/plugins/gradle-jetty-2.2.1.jar
7f7b7b4a9000-7f7b7b4ae000 r--s 00041000 fd:02 1577473                    /home/aschuijlenborgh/.gradle/wrapper/dists/gradle-2.2.1-all/c64ydeuardnfqctvr1gm30w53/gradle-2.2.1/lib/plugins/gradle-code-quality-2.2.1.jar
7f7b7b4ae000-7f7b7b4b0000 r--s 00009000 fd:02 1577545                    /home/aschuijlenborgh/.gradle/wrapper/dists/gradle-2.2.1-all/c64ydeuardnfqctvr1gm30w53/gradle-2.2.1/lib/plugins/hamcrest-core-1.3.jar
7f7b7b4b0000-7f7b7b4b6000 r--s 00033000 fd:02 1577534                    /home/aschuijlenborgh/.gradle/wrapper/dists/gradle-2.2.1-all/c64ydeuardnfqctvr1gm30w53/gradle-2.2.1/lib/plugins/snakeyaml-1.6.jar
7f7b7b4b6000-7f7b7b4b8000 r--s 00006000 fd:02 1577533                    /home/aschuijlenborgh/.gradle/wrapper/dists/gradle-2.2.1-all/c64ydeuardnfqctvr1gm30w53/gradle-2.2.1/lib/plugins/jcommander-1.12.jar
7f7b7b4b8000-7f7b7b4bd000 r--s 00040000 fd:02 1577532                    /home/aschuijlenborgh/.gradle/wrapper/dists/gradle-2.2.1-all/c64ydeuardnfqctvr1gm30w53/gradle-2.2.1/lib/plugins/bsh-2.0b4.jar
7f7b7b4bd000-7f7b7b4bf000 r--s 00009000 fd:02 1577506                    /home/aschuijlenborgh/.gradle/wrapper/dists/gradle-2.2.1-all/c64ydeuardnfqctvr1gm30w53/gradle-2.2.1/lib/plugins/commons-cli-1.2.jar
7f7b7b4bf000-7f7b7b4c8000 r--s 00089000 fd:02 1577505                    /home/aschuijlenborgh/.gradle/wrapper/dists/gradle-2.2.1-all/c64ydeuardnfqctvr1gm30w53/gradle-2.2.1/lib/plugins/testng-6.3.1.jar
7f7b7b4c8000-7f7b7b4ce000 r--s 00036000 fd:02 1577504                    /home/aschuijlenborgh/.gradle/wrapper/dists/gradle-2.2.1-all/c64ydeuardnfqctvr1gm30w53/gradle-2.2.1/lib/plugins/junit-4.11.jar
7f7b7b4ce000-7f7b7b4da000 r--s 00075000 fd:02 1577472                    /home/aschuijlenborgh/.gradle/wrapper/dists/gradle-2.2.1-all/c64ydeuardnfqctvr1gm30w53/gradle-2.2.1/lib/plugins/gradle-plugins-2.2.1.jar
7f7b7b4da000-7f7b7b4dd000 r--s 00011000 fd:02 1577502                    /home/aschuijlenborgh/.gradle/wrapper/dists/gradle-2.2.1-all/c64ydeuardnfqctvr1gm30w53/gradle-2.2.1/lib/plugins/gradle-plugin-use-2.2.1.jar
7f7b7b4dd000-7f7b7b4f5000 r--s 00115000 fd:02 1577543                    /home/aschuijlenborgh/.gradle/wrapper/dists/gradle-2.2.1-all/c64ydeuardnfqctvr1gm30w53/gradle-2.2.1/lib/plugins/xercesImpl-2.9.1.jar
7f7b7b4f5000-7f7b7b4fd000 r--s 00028000 fd:02 1577544                    /home/aschuijlenborgh/.gradle/wrapper/dists/gradle-2.2.1-all/c64ydeuardnfqctvr1gm30w53/gradle-2.2.1/lib/plugins/xml-apis-1.3.04.jar
7f7b7b4fd000-7f7b7b503000 r--s 0005b000 fd:02 1577542                    /home/aschuijlenborgh/.gradle/wrapper/dists/gradle-2.2.1-all/c64ydeuardnfqctvr1gm30w53/gradle-2.2.1/lib/plugins/jcifs-1.3.17.jar
7f7b7b503000-7f7b7b509000 r--s 00031000 fd:02 1577541                    /home/aschuijlenborgh/.gradle/wrapper/dists/gradle-2.2.1-all/c64ydeuardnfqctvr1gm30w53/gradle-2.2.1/lib/plugins/httpcore-4.2.2.jar
7f7b7b509000-7f7b7b50f000 r--s 00033000 fd:02 1577540                    /home/aschuijlenborgh/.gradle/wrapper/dists/gradle-2.2.1-all/c64ydeuardnfqctvr1gm30w53/gradle-2.2.1/lib/plugins/commons-codec-1.6.jar
7f7b7b50f000-7f7b7b512000 r--s 0001c000 fd:02 1577539                    /home/aschuijlenborgh/.gradle/wrapper/dists/gradle-2.2.1-all/c64ydeuardnfqctvr1gm30w53/gradle-2.2.1/lib/plugins/nekohtml-1.9.14.jar
7f7b7b512000-7f7b7b51b000 r--s 00060000 fd:02 1577538                    /home/aschuijlenborgh/.gradle/wrapper/dists/gradle-2.2.1-all/c64ydeuardnfqctvr1gm30w53/gradle-2.2.1/lib/plugins/httpclient-4.2.2.jar
7f7b7b51b000-7f7b7b51d000 r--s 00007000 fd:02 1577527                    /home/aschuijlenborgh/.gradle/wrapper/dists/gradle-2.2.1-all/c64ydeuardnfqctvr1gm30w53/gradle-2.2.1/lib/plugins/gradle-resources-http-2.2.1.jar
7f7b7b51d000-7f7b7b545000 r--s 00194000 fd:02 1577531                    /home/aschuijlenborgh/.gradle/wrapper/dists/gradle-2.2.1-all/c64ydeuardnfqctvr1gm30w53/gradle-2.2.1/lib/plugins/bcprov-jdk15-1.46.jar
7f7b7b545000-7f7b7b549000 r--s 0001d000 fd:02 1577530                    /home/aschuijlenborgh/.gradle/wrapper/dists/gradle-2.2.1-all/c64ydeuardnfqctvr1gm30w53/gradle-2.2.1/lib/plugins/xbean-reflect-3.4.jar
7f7b7b549000-7f7b7b54e000 r--s 0002a000 fd:02 1577524                    /home/aschuijlenborgh/.gradle/wrapper/dists/gradle-2.2.1-all/c64ydeuardnfqctvr1gm30w53/gradle-2.2.1/lib/plugins/gson-2.2.4.jar
7f7b7b54e000-7f7b7b552000 r--s 0003d000 fd:02 1577529                    /home/aschuijlenborgh/.gradle/wrapper/dists/gradle-2.2.1-all/c64ydeuardnfqctvr1gm30w53/gradle-2.2.1/lib/plugins/jsch-0.1.51.jar
7f7b7b552000-7f7b7b56b000 r--s 00129000 fd:02 1577517                    /home/aschuijlenborgh/.gradle/wrapper/dists/gradle-2.2.1-all/c64ydeuardnfqctvr1gm30w53/gradle-2.2.1/lib/plugins/maven-ant-tasks-2.1.3.jar
7f7b7b56b000-7f7b7b57a000 r--s 000d9000 fd:02 1577528                    /home/aschuijlenborgh/.gradle/wrapper/dists/gradle-2.2.1-all/c64ydeuardnfqctvr1gm30w53/gradle-2.2.1/lib/plugins/ivy-2.2.0.jar
7f7b7b57a000-7f7b7b57e000 r--s 0001e000 fd:02 1577471                    /home/aschuijlenborgh/.gradle/wrapper/dists/gradle-2.2.1-all/c64ydeuardnfqctvr1gm30w53/gradle-2.2.1/lib/plugins/jarjar-aether-impl-1.13.1.jar
7f7b7b57e000-7f7b7b581000 r--s 00027000 fd:02 1577470                    /home/aschuijlenborgh/.gradle/wrapper/dists/gradle-2.2.1-all/c64ydeuardnfqctvr1gm30w53/gradle-2.2.1/lib/plugins/jarjar-maven-model-3.0.4.jar
7f7b7b581000-7f7b7b584000 r--s 0000b000 fd:02 1577469                    /home/aschuijlenborgh/.gradle/wrapper/dists/gradle-2.2.1-all/c64ydeuardnfqctvr1gm30w53/gradle-2.2.1/lib/plugins/jarjar-maven-artifact-3.0.4.jar
7f7b7b584000-7f7b7b588000 r--s 0001e000 fd:02 1577468                    /home/aschuijlenborgh/.gradle/wrapper/dists/gradle-2.2.1-all/c64ydeuardnfqctvr1gm30w53/gradle-2.2.1/lib/plugins/jarjar-aether-util-1.13.1.jar
7f7b7b588000-7f7b7b58a000 r--s 00007000 fd:02 1577467                    /home/aschuijlenborgh/.gradle/wrapper/dists/gradle-2.2.1-all/c64ydeuardnfqctvr1gm30w53/gradle-2.2.1/lib/plugins/jarjar-wagon-http-shared4-2.4.jar
7f7b7b58a000-7f7b7b597000 r--s 00083000 fd:02 1577466                    /home/aschuijlenborgh/.gradle/wrapper/dists/gradle-2.2.1-all/c64ydeuardnfqctvr1gm30w53/gradle-2.2.1/lib/plugins/jarjar-maven-core-3.0.4.jar
7f7b7b597000-7f7b7b599000 r--s 00003000 fd:02 1577465                    /home/aschuijlenborgh/.gradle/wrapper/dists/gradle-2.2.1-all/c64ydeuardnfqctvr1gm30w53/gradle-2.2.1/lib/plugins/jarjar-aether-spi-1.13.1.jar
7f7b7b599000-7f7b7b59b000 r--s 00009000 fd:02 1577464                    /home/aschuijlenborgh/.gradle/wrapper/dists/gradle-2.2.1-all/c64ydeuardnfqctvr1gm30w53/gradle-2.2.1/lib/plugins/jarjar-maven-settings-builder-3.0.4.jar
7f7b7b59b000-7f7b7b59f000 r--s 00014000 fd:02 1577463                    /home/aschuijlenborgh/.gradle/wrapper/dists/gradle-2.2.1-all/c64ydeuardnfqctvr1gm30w53/gradle-2.2.1/lib/plugins/jarjar-aether-api-1.13.1.jar
7f7b7b59f000-7f7b7b5a0000 r--s 00002000 fd:02 1577462                    /home/aschuijlenborgh/.gradle/wrapper/dists/gradle-2.2.1-all/c64ydeuardnfqctvr1gm30w53/gradle-2.2.1/lib/plugins/jarjar-wagon-http-2.4.jar
7f7b7b5a0000-7f7b7b5a7000 r--s 00042000 fd:02 1577461                    /home/aschuijlenborgh/.gradle/wrapper/dists/gradle-2.2.1-all/c64ydeuardnfqctvr1gm30w53/gradle-2.2.1/lib/plugins/jarjar-maven-compat-3.0.4.jar
7f7b7b5a7000-7f7b7b5a9000 r--s 00006000 fd:02 1577460                    /home/aschuijlenborgh/.gradle/wrapper/dists/gradle-2.2.1-all/c64ydeuardnfqctvr1gm30w53/gradle-2.2.1/lib/plugins/jarjar-aether-connector-wagon-1.13.1.jar
7f7b7b5a9000-7f7b7b5ab000 r--s 00000000 fd:02 1577459                    /home/aschuijlenborgh/.gradle/wrapper/dists/gradle-2.2.1-all/c64ydeuardnfqctvr1gm30w53/gradle-2.2.1/lib/plugins/jarjar-plexus-component-annotations-1.5.5.jar
7f7b7b5ab000-7f7b7b5ad000 r--s 00006000 fd:02 1577458                    /home/aschuijlenborgh/.gradle/wrapper/dists/gradle-2.2.1-all/c64ydeuardnfqctvr1gm30w53/gradle-2.2.1/lib/plugins/jarjar-plexus-sec-dispatcher-1.3.jar
7f7b7b5ad000-7f7b7b5b2000 r--s 00022000 fd:02 1577457                    /home/aschuijlenborgh/.gradle/wrapper/dists/gradle-2.2.1-all/c64ydeuardnfqctvr1gm30w53/gradle-2.2.1/lib/plugins/jarjar-maven-model-builder-3.0.4.jar
7f7b7b5b2000-7f7b7b5b4000 r--s 0000b000 fd:02 1577456                    /home/aschuijlenborgh/.gradle/wrapper/dists/gradle-2.2.1-all/c64ydeuardnfqctvr1gm30w53/gradle-2.2.1/lib/plugins/jarjar-maven-plugin-api-3.0.4.jar
7f7b7b5b4000-7f7b7b5b7000 r--s 0000a000 fd:02 1577455                    /home/aschuijlenborgh/.gradle/wrapper/dists/gradle-2.2.1-all/c64ydeuardnfqctvr1gm30w53/gradle-2.2.1/lib/plugins/jarjar-plexus-classworlds-2.4.jar
7f7b7b5b7000-7f7b7b5bb000 r--s 00035000 fd:02 1577454                    /home/aschuijlenborgh/.gradle/wrapper/dists/gradle-2.2.1-all/c64ydeuardnfqctvr1gm30w53/gradle-2.2.1/lib/plugins/jarjar-plexus-utils-2.0.6.jar
7f7b7b5bb000-7f7b7b5bd000 r--s 0000e000 fd:02 1577453                    /home/aschuijlenborgh/.gradle/wrapper/dists/gradle-2.2.1-all/c64ydeuardnfqctvr1gm30w53/gradle-2.2.1/lib/plugins/jarjar-plexus-interpolation-1.14.jar
7f7b7b5bd000-7f7b7b5bf000 r--s 00002000 fd:02 1577452                    /home/aschuijlenborgh/.gradle/wrapper/dists/gradle-2.2.1-all/c64ydeuardnfqctvr1gm30w53/gradle-2.2.1/lib/plugins/jarjar-plexus-cipher-1.7.jar
7f7b7b5bf000-7f7b7b5c1000 r--s 0000c000 fd:02 1577451                    /home/aschuijlenborgh/.gradle/wrapper/dists/gradle-2.2.1-all/c64ydeuardnfqctvr1gm30w53/gradle-2.2.1/lib/plugins/jarjar-wagon-provider-api-2.4.jar
7f7b7b5c1000-7f7b7b5c3000 r--s 0000d000 fd:02 1577450                    /home/aschuijlenborgh/.gradle/wrapper/dists/gradle-2.2.1-all/c64ydeuardnfqctvr1gm30w53/gradle-2.2.1/lib/plugins/jarjar-maven-aether-provider-3.0.4.jar
7f7b7b5c3000-7f7b7b5cb000 r--s 00031000 fd:02 1577449                    /home/aschuijlenborgh/.gradle/wrapper/dists/gradle-2.2.1-all/c64ydeuardnfqctvr1gm30w53/gradle-2.2.1/lib/plugins/jarjar-plexus-container-default-1.5.5.jar
7f7b7b5cb000-7f7b7b5cc000 r--s 00007000 fd:02 1577448                    /home/aschuijlenborgh/.gradle/wrapper/dists/gradle-2.2.1-all/c64ydeuardnfqctvr1gm30w53/gradle-2.2.1/lib/plugins/jarjar-maven-repository-metadata-3.0.4.jar
7f7b7b5cc000-7f7b7b5cd000 r--s 0000b000 fd:02 1577447                    /home/aschuijlenborgh/.gradle/wrapper/dists/gradle-2.2.1-all/c64ydeuardnfqctvr1gm30w53/gradle-2.2.1/lib/plugins/jarjar-maven-settings-3.0.4.jar
7f7b7b5cd000-7f7b7b5e5000 r--s 000b5000 fd:02 1577503                    /home/aschuijlenborgh/.gradle/wrapper/dists/gradle-2.2.1-all/c64ydeuardnfqctvr1gm30w53/gradle-2.2.1/lib/plugins/gradle-dependency-management-2.2.1.jar
7f7b7b5e5000-7f7b7b5ec000 r--s 00000000 fd:00 1971531                    /usr/lib64/gconv/gconv-modules.cache
7f7b7b5ec000-7f7b7b610000 r--p 00000000 fd:00 2889974                    /usr/share/locale/nl/LC_MESSAGES/libc.mo
7f7b7b610000-7f7b7b611000 r--s 00005000 fd:02 1577398                    /home/aschuijlenborgh/.gradle/wrapper/dists/gradle-2.2.1-all/c64ydeuardnfqctvr1gm30w53/gradle-2.2.1/lib/gradle-wrapper-2.2.1.jar
7f7b7b611000-7f7b7b61a000 r--s 0002c000 fd:02 1577403                    /home/aschuijlenborgh/.gradle/wrapper/dists/gradle-2.2.1-all/c64ydeuardnfqctvr1gm30w53/gradle-2.2.1/lib/gradle-tooling-api-2.2.1.jar
7f7b7b61a000-7f7b7b61c000 r--s 00002000 fd:02 1577427                    /home/aschuijlenborgh/.gradle/wrapper/dists/gradle-2.2.1-all/c64ydeuardnfqctvr1gm30w53/gradle-2.2.1/lib/gradle-open-api-2.2.1.jar
7f7b7b61c000-7f7b7b622000 r--s 00032000 fd:02 1577429                    /home/aschuijlenborgh/.gradle/wrapper/dists/gradle-2.2.1-all/c64ydeuardnfqctvr1gm30w53/gradle-2.2.1/lib/jaxen-1.1.jar
7f7b7b622000-7f7b7b627000 r--s 00048000 fd:02 1577428                    /home/aschuijlenborgh/.gradle/wrapper/dists/gradle-2.2.1-all/c64ydeuardnfqctvr1gm30w53/gradle-2.2.1/lib/dom4j-1.6.1.jar
7f7b7b627000-7f7b7b632000 r--s 00059000 fd:02 1577402                    /home/aschuijlenborgh/.gradle/wrapper/dists/gradle-2.2.1-all/c64ydeuardnfqctvr1gm30w53/gradle-2.2.1/lib/gradle-ui-2.2.1.jar
7f7b7b632000-7f7b7b634000 r--s 00006000 fd:02 1577423                    /home/aschuijlenborgh/.gradle/wrapper/dists/gradle-2.2.1-all/c64ydeuardnfqctvr1gm30w53/gradle-2.2.1/lib/gradle-resources-2.2.1.jar
7f7b7b634000-7f7b7b636000 r--s 00007000 fd:02 1577445                    /home/aschuijlenborgh/.gradle/wrapper/dists/gradle-2.2.1-all/c64ydeuardnfqctvr1gm30w53/gradle-2.2.1/lib/objenesis-1.2.jar
7f7b7b636000-7f7b7b638000 r--s 00000000 fd:02 1577444                    /home/aschuijlenborgh/.gradle/wrapper/dists/gradle-2.2.1-all/c64ydeuardnfqctvr1gm30w53/gradle-2.2.1/lib/minlog-1.2.jar
7f7b7b638000-7f7b7b63a000 r--s 0000f000 fd:02 1577443                    /home/aschuijlenborgh/.gradle/wrapper/dists/gradle-2.2.1-all/c64ydeuardnfqctvr1gm30w53/gradle-2.2.1/lib/reflectasm-1.07-shaded.jar
7f7b7b63a000-7f7b7b63e000 r--s 00026000 fd:02 1577434                    /home/aschuijlenborgh/.gradle/wrapper/dists/gradle-2.2.1-all/c64ydeuardnfqctvr1gm30w53/gradle-2.2.1/lib/kryo-2.20.jar
7f7b7b63e000-7f7b7b647000 r--s 00039000 fd:02 1577422                    /home/aschuijlenborgh/.gradle/wrapper/dists/gradle-2.2.1-all/c64ydeuardnfqctvr1gm30w53/gradle-2.2.1/lib/gradle-messaging-2.2.1.jar
7f7b7b647000-7f7b7b648000 r--s 00003000 fd:02 1577442                    /home/aschuijlenborgh/.gradle/wrapper/dists/gradle-2.2.1-all/c64ydeuardnfqctvr1gm30w53/gradle-2.2.1/lib/native-platform-freebsd-amd64-0.10.jar
7f7b7b648000-7f7b7b649000 r--s 00003000 fd:02 1577441                    /home/aschuijlenborgh/.gradle/wrapper/dists/gradle-2.2.1-all/c64ydeuardnfqctvr1gm30w53/gradle-2.2.1/lib/native-platform-freebsd-i386-0.10.jar
7f7b7b649000-7f7b7b64a000 r--s 00005000 fd:02 1577440                    /home/aschuijlenborgh/.gradle/wrapper/dists/gradle-2.2.1-all/c64ydeuardnfqctvr1gm30w53/gradle-2.2.1/lib/native-platform-windows-i386-0.10.jar
7f7b7b64a000-7f7b7b64b000 r--s 00005000 fd:02 1577439                    /home/aschuijlenborgh/.gradle/wrapper/dists/gradle-2.2.1-all/c64ydeuardnfqctvr1gm30w53/gradle-2.2.1/lib/native-platform-windows-amd64-0.10.jar
7f7b7b64b000-7f7b7b64c000 r--s 00003000 fd:02 1577438                    /home/aschuijlenborgh/.gradle/wrapper/dists/gradle-2.2.1-all/c64ydeuardnfqctvr1gm30w53/gradle-2.2.1/lib/native-platform-linux-i386-0.10.jar
7f7b7b64c000-7f7b7b64d000 r--s 00003000 fd:02 1577437                    /home/aschuijlenborgh/.gradle/wrapper/dists/gradle-2.2.1-all/c64ydeuardnfqctvr1gm30w53/gradle-2.2.1/lib/native-platform-linux-amd64-0.10.jar
7f7b7b64d000-7f7b7b64e000 r--s 00002000 fd:02 1577436                    /home/aschuijlenborgh/.gradle/wrapper/dists/gradle-2.2.1-all/c64ydeuardnfqctvr1gm30w53/gradle-2.2.1/lib/native-platform-osx-amd64-0.10.jar
7f7b7b64e000-7f7b7b64f000 r--s 00002000 fd:02 1577435                    /home/aschuijlenborgh/.gradle/wrapper/dists/gradle-2.2.1-all/c64ydeuardnfqctvr1gm30w53/gradle-2.2.1/lib/native-platform-osx-i386-0.10.jar
7f7b7b64f000-7f7b7b651000 r--s 00008000 fd:02 1577432                    /home/aschuijlenborgh/.gradle/wrapper/dists/gradle-2.2.1-all/c64ydeuardnfqctvr1gm30w53/gradle-2.2.1/lib/jansi-1.2.1.jar
7f7b7b651000-7f7b7b654000 r--s 0000d000 fd:02 1577431                    /home/aschuijlenborgh/.gradle/wrapper/dists/gradle-2.2.1-all/c64ydeuardnfqctvr1gm30w53/gradle-2.2.1/lib/native-platform-0.10.jar
7f7b7b654000-7f7b7b658000 r--s 000e4000 fd:02 1577430                    /home/aschuijlenborgh/.gradle/wrapper/dists/gradle-2.2.1-all/c64ydeuardnfqctvr1gm30w53/gradle-2.2.1/lib/jna-3.2.7.jar
7f7b7b658000-7f7b7b65a000 r--s 00008000 fd:02 1577404                    /home/aschuijlenborgh/.gradle/wrapper/dists/gradle-2.2.1-all/c64ydeuardnfqctvr1gm30w53/gradle-2.2.1/lib/gradle-native-2.2.1.jar
7f7b7b65a000-7f7b7b65c000 r--s 00005000 fd:02 1577401                    /home/aschuijlenborgh/.gradle/wrapper/dists/gradle-2.2.1-all/c64ydeuardnfqctvr1gm30w53/gradle-2.2.1/lib/gradle-cli-2.2.1.jar
7f7b7b65c000-7f7b7b65e000 r--s 00003000 fd:02 1577421                    /home/aschuijlenborgh/.gradle/wrapper/dists/gradle-2.2.1-all/c64ydeuardnfqctvr1gm30w53/gradle-2.2.1/lib/gradle-base-services-groovy-2.2.1.jar
7f7b7b65e000-7f7b7b660000 r--s 0000a000 fd:02 1577409                    /home/aschuijlenborgh/.gradle/wrapper/dists/gradle-2.2.1-all/c64ydeuardnfqctvr1gm30w53/gradle-2.2.1/lib/gradle-model-groovy-2.2.1.jar
7f7b7b660000-7f7b7b664000 r--s 0001b000 fd:02 1577408                    /home/aschuijlenborgh/.gradle/wrapper/dists/gradle-2.2.1-all/c64ydeuardnfqctvr1gm30w53/gradle-2.2.1/lib/gradle-model-core-2.2.1.jar
7f7b7b664000-7f7b7b666000 r--s 00003000 fd:02 1577426                    /home/aschuijlenborgh/.gradle/wrapper/dists/gradle-2.2.1-all/c64ydeuardnfqctvr1gm30w53/gradle-2.2.1/lib/jcl-over-slf4j-1.7.7.jar
7f7b7b666000-7f7b7b669000 r--s 0001b000 fd:02 1577419                    /home/aschuijlenborgh/.gradle/wrapper/dists/gradle-2.2.1-all/c64ydeuardnfqctvr1gm30w53/gradle-2.2.1/lib/jarjar-1.3.jar
7f7b7b669000-7f7b7b66f000 r--s 0003b000 fd:02 1577416                    /home/aschuijlenborgh/.gradle/wrapper/dists/gradle-2.2.1-all/c64ydeuardnfqctvr1gm30w53/gradle-2.2.1/lib/logback-classic-1.0.13.jar
7f7b7b66f000-7f7b7b679000 r--s 0005d000 fd:02 1577415                    /home/aschuijlenborgh/.gradle/wrapper/dists/gradle-2.2.1-all/c64ydeuardnfqctvr1gm30w53/gradle-2.2.1/lib/logback-core-1.0.13.jar
7f7b7b679000-7f7b7b67e000 r--s 00041000 fd:02 1577414                    /home/aschuijlenborgh/.gradle/wrapper/dists/gradle-2.2.1-all/c64ydeuardnfqctvr1gm30w53/gradle-2.2.1/lib/commons-lang-2.6.jar
7f7b7b67e000-7f7b7b68c000 r--s 0007f000 fd:02 1577412                    /home/aschuijlenborgh/.gradle/wrapper/dists/gradle-2.2.1-all/c64ydeuardnfqctvr1gm30w53/gradle-2.2.1/lib/commons-collections-3.2.1.jar
7f7b7b68c000-7f7b7b6f7000 r--s 00685000 fd:02 1577407                    /home/aschuijlenborgh/.gradle/wrapper/dists/gradle-2.2.1-all/c64ydeuardnfqctvr1gm30w53/gradle-2.2.1/lib/groovy-all-2.3.6.jar
7f7b7b6f7000-7f7b7b6f8000 ---p 00000000 00:00 0 
7f7b7b6f8000-7f7b7b7f8000 rw-p 00000000 00:00 0                          [stack:3569]
7f7b7b7f8000-7f7b7b7fb000 ---p 00000000 00:00 0 
7f7b7b7fb000-7f7b7b8f9000 rw-p 00000000 00:00 0                          [stack:3568]
7f7b7b8f9000-7f7b7b8fc000 ---p 00000000 00:00 0 
7f7b7b8fc000-7f7b7b9fa000 rw-p 00000000 00:00 0                          [stack:3567]
7f7b7b9fa000-7f7b7b9fd000 ---p 00000000 00:00 0 
7f7b7b9fd000-7f7b7bafb000 rw-p 00000000 00:00 0                          [stack:3566]
7f7b7bafb000-7f7b7bafe000 ---p 00000000 00:00 0 
7f7b7bafe000-7f7b7bbfc000 rw-p 00000000 00:00 0                          [stack:3565]
7f7b7bbfc000-7f7b7bbff000 ---p 00000000 00:00 0 
7f7b7bbff000-7f7b7bcfd000 rw-p 00000000 00:00 0                          [stack:3564]
7f7b7bcfd000-7f7b7bd00000 ---p 00000000 00:00 0 
7f7b7bd00000-7f7b7bdfe000 rw-p 00000000 00:00 0                          [stack:3563]
7f7b7bdfe000-7f7b7bdff000 ---p 00000000 00:00 0 
7f7b7bdff000-7f7b7c000000 rw-p 00000000 00:00 0                          [stack:3562]
7f7b7c000000-7f7b7c021000 rw-p 00000000 00:00 0 
7f7b7c021000-7f7b80000000 ---p 00000000 00:00 0 
7f7b80000000-7f7b80001000 r--s 00000000 fd:02 1577424                    /home/aschuijlenborgh/.gradle/wrapper/dists/gradle-2.2.1-all/c64ydeuardnfqctvr1gm30w53/gradle-2.2.1/lib/gradle-docs-2.2.1.jar
7f7b80001000-7f7b80002000 r--s 00005000 fd:02 1577425                    /home/aschuijlenborgh/.gradle/wrapper/dists/gradle-2.2.1-all/c64ydeuardnfqctvr1gm30w53/gradle-2.2.1/lib/log4j-over-slf4j-1.7.7.jar
7f7b80002000-7f7b8002a000 r--s 001cf000 fd:02 1577406                    /home/aschuijlenborgh/.gradle/wrapper/dists/gradle-2.2.1-all/c64ydeuardnfqctvr1gm30w53/gradle-2.2.1/lib/guava-jdk5-17.0.jar
7f7b8002a000-7f7b80049000 r--s 001cc000 fd:02 1577411                    /home/aschuijlenborgh/.gradle/wrapper/dists/gradle-2.2.1-all/c64ydeuardnfqctvr1gm30w53/gradle-2.2.1/lib/ant-1.9.3.jar
7f7b80049000-7f7b80065000 r--s 00393000 fd:00 2371810                    /usr/lib/jvm/java-1.8.0-openjdk-1.8.0.25-4.b18.fc21.x86_64/jre/lib/ext/cldrdata.jar
7f7b80065000-7f7b80096000 r--s 00191000 fd:02 1577400                    /home/aschuijlenborgh/.gradle/wrapper/dists/gradle-2.2.1-all/c64ydeuardnfqctvr1gm30w53/gradle-2.2.1/lib/gradle-core-2.2.1.jar
7f7b80096000-7f7b81000000 rw-p 00000000 00:00 0 
7f7b81000000-7f7b81a10000 rwxp 00000000 00:00 0 
7f7b81a10000-7f7b90000000 ---p 00000000 00:00 0 
7f7b90000000-7f7b90a0e000 rw-p 00000000 00:00 0 
7f7b90a0e000-7f7b94000000 ---p 00000000 00:00 0 
7f7b94000000-7f7b94001000 r--s 00000000 fd:02 1577420                    /home/aschuijlenborgh/.gradle/wrapper/dists/gradle-2.2.1-all/c64ydeuardnfqctvr1gm30w53/gradle-2.2.1/lib/javax.inject-1.jar
7f7b94001000-7f7b94003000 r--s 00000000 fd:02 1577418                    /home/aschuijlenborgh/.gradle/wrapper/dists/gradle-2.2.1-all/c64ydeuardnfqctvr1gm30w53/gradle-2.2.1/lib/jul-to-slf4j-1.7.7.jar
7f7b94003000-7f7b94004000 r--s 00000000 fd:02 1577417                    /home/aschuijlenborgh/.gradle/wrapper/dists/gradle-2.2.1-all/c64ydeuardnfqctvr1gm30w53/gradle-2.2.1/lib/jcip-annotations-1.0.jar
7f7b94004000-7f7b94007000 r--s 00018000 fd:02 1577413                    /home/aschuijlenborgh/.gradle/wrapper/dists/gradle-2.2.1-all/c64ydeuardnfqctvr1gm30w53/gradle-2.2.1/lib/commons-io-1.4.jar
7f7b94007000-7f7b9400c000 r--s 00036000 fd:02 1577410                    /home/aschuijlenborgh/.gradle/wrapper/dists/gradle-2.2.1-all/c64ydeuardnfqctvr1gm30w53/gradle-2.2.1/lib/asm-all-5.0.3.jar
7f7b9400c000-7f7b94016000 r--s 00116000 fd:00 2371812                    /usr/lib/jvm/java-1.8.0-openjdk-1.8.0.25-4.b18.fc21.x86_64/jre/lib/ext/localedata.jar
7f7b94016000-7f7b9401c000 r--s 00026000 fd:02 1577399                    /home/aschuijlenborgh/.gradle/wrapper/dists/gradle-2.2.1-all/c64ydeuardnfqctvr1gm30w53/gradle-2.2.1/lib/gradle-base-services-2.2.1.jar
7f7b9401c000-7f7b9411d000 rw-p 00000000 00:00 0 
7f7b9411d000-7f7b942ea000 r--s 03bb4000 fd:00 2236357                    /usr/lib/jvm/java-1.8.0-openjdk-1.8.0.25-4.b18.fc21.x86_64/jre/lib/rt.jar
7f7b942ea000-7f7b96560000 rw-p 00000000 00:00 0 
7f7b96560000-7f7b96561000 ---p 00000000 00:00 0 
7f7b96561000-7f7b96661000 rw-p 00000000 00:00 0                          [stack:3561]
7f7b96661000-7f7b96662000 ---p 00000000 00:00 0 
7f7b96662000-7f7b96774000 rw-p 00000000 00:00 0                          [stack:3560]
7f7b96774000-7f7b968b8000 ---p 00000000 00:00 0 
7f7b968b8000-7f7b968ca000 rw-p 00000000 00:00 0 
7f7b968ca000-7f7b96a0d000 ---p 00000000 00:00 0 
7f7b96a0d000-7f7b96a53000 rw-p 00000000 00:00 0 
7f7b96a53000-7f7b96ab8000 ---p 00000000 00:00 0 
7f7b96ab8000-7f7b96ae2000 rw-p 00000000 00:00 0 
7f7b96ae2000-7f7b96e79000 ---p 00000000 00:00 0 
7f7b96e79000-7f7b96e81000 r-xp 00000000 fd:00 2236331                    /usr/lib/jvm/java-1.8.0-openjdk-1.8.0.25-4.b18.fc21.x86_64/jre/lib/amd64/libzip.so
7f7b96e81000-7f7b97080000 ---p 00008000 fd:00 2236331                    /usr/lib/jvm/java-1.8.0-openjdk-1.8.0.25-4.b18.fc21.x86_64/jre/lib/amd64/libzip.so
7f7b97080000-7f7b97081000 r--p 00007000 fd:00 2236331                    /usr/lib/jvm/java-1.8.0-openjdk-1.8.0.25-4.b18.fc21.x86_64/jre/lib/amd64/libzip.so
7f7b97081000-7f7b97082000 rw-p 00008000 fd:00 2236331                    /usr/lib/jvm/java-1.8.0-openjdk-1.8.0.25-4.b18.fc21.x86_64/jre/lib/amd64/libzip.so
7f7b97082000-7f7b9708e000 r-xp 00000000 fd:00 1714079                    /usr/lib64/libnss_files-2.20.so
7f7b9708e000-7f7b9728d000 ---p 0000c000 fd:00 1714079                    /usr/lib64/libnss_files-2.20.so
7f7b9728d000-7f7b9728e000 r--p 0000b000 fd:00 1714079                    /usr/lib64/libnss_files-2.20.so
7f7b9728e000-7f7b9728f000 rw-p 0000c000 fd:00 1714079                    /usr/lib64/libnss_files-2.20.so
7f7b9728f000-7f7b972bd000 r-xp 00000000 fd:00 2236314                    /usr/lib/jvm/java-1.8.0-openjdk-1.8.0.25-4.b18.fc21.x86_64/jre/lib/amd64/libjava.so
7f7b972bd000-7f7b974bc000 ---p 0002e000 fd:00 2236314                    /usr/lib/jvm/java-1.8.0-openjdk-1.8.0.25-4.b18.fc21.x86_64/jre/lib/amd64/libjava.so
7f7b974bc000-7f7b974bd000 r--p 0002d000 fd:00 2236314                    /usr/lib/jvm/java-1.8.0-openjdk-1.8.0.25-4.b18.fc21.x86_64/jre/lib/amd64/libjava.so
7f7b974bd000-7f7b974bf000 rw-p 0002e000 fd:00 2236314                    /usr/lib/jvm/java-1.8.0-openjdk-1.8.0.25-4.b18.fc21.x86_64/jre/lib/amd64/libjava.so
7f7b974bf000-7f7b974cc000 r-xp 00000000 fd:00 2236330                    /usr/lib/jvm/java-1.8.0-openjdk-1.8.0.25-4.b18.fc21.x86_64/jre/lib/amd64/libverify.so
7f7b974cc000-7f7b976cb000 ---p 0000d000 fd:00 2236330                    /usr/lib/jvm/java-1.8.0-openjdk-1.8.0.25-4.b18.fc21.x86_64/jre/lib/amd64/libverify.so
7f7b976cb000-7f7b976cd000 r--p 0000c000 fd:00 2236330                    /usr/lib/jvm/java-1.8.0-openjdk-1.8.0.25-4.b18.fc21.x86_64/jre/lib/amd64/libverify.so
7f7b976cd000-7f7b976ce000 rw-p 0000e000 fd:00 2236330                    /usr/lib/jvm/java-1.8.0-openjdk-1.8.0.25-4.b18.fc21.x86_64/jre/lib/amd64/libverify.so
7f7b976ce000-7f7b976d5000 r-xp 00000000 fd:00 1714082                    /usr/lib64/librt-2.20.so
7f7b976d5000-7f7b978d4000 ---p 00007000 fd:00 1714082                    /usr/lib64/librt-2.20.so
7f7b978d4000-7f7b978d5000 r--p 00006000 fd:00 1714082                    /usr/lib64/librt-2.20.so
7f7b978d5000-7f7b978d6000 rw-p 00007000 fd:00 1714082                    /usr/lib64/librt-2.20.so
7f7b978d6000-7f7b978ec000 r-xp 00000000 fd:00 1717731                    /usr/lib64/libgcc_s-4.9.2-20141101.so.1
7f7b978ec000-7f7b97aeb000 ---p 00016000 fd:00 1717731                    /usr/lib64/libgcc_s-4.9.2-20141101.so.1
7f7b97aeb000-7f7b97aec000 r--p 00015000 fd:00 1717731                    /usr/lib64/libgcc_s-4.9.2-20141101.so.1
7f7b97aec000-7f7b97aed000 rw-p 00016000 fd:00 1717731                    /usr/lib64/libgcc_s-4.9.2-20141101.so.1
7f7b97aed000-7f7b97bf4000 r-xp 00000000 fd:00 1714076                    /usr/lib64/libm-2.20.so
7f7b97bf4000-7f7b97df3000 ---p 00107000 fd:00 1714076                    /usr/lib64/libm-2.20.so
7f7b97df3000-7f7b97df4000 r--p 00106000 fd:00 1714076                    /usr/lib64/libm-2.20.so
7f7b97df4000-7f7b97df5000 rw-p 00107000 fd:00 1714076                    /usr/lib64/libm-2.20.so
7f7b97df5000-7f7b97ee5000 r-xp 00000000 fd:00 1711524                    /usr/lib64/libstdc++.so.6.0.20
7f7b97ee5000-7f7b980e5000 ---p 000f0000 fd:00 1711524                    /usr/lib64/libstdc++.so.6.0.20
7f7b980e5000-7f7b980ed000 r--p 000f0000 fd:00 1711524                    /usr/lib64/libstdc++.so.6.0.20
7f7b980ed000-7f7b980ef000 rw-p 000f8000 fd:00 1711524                    /usr/lib64/libstdc++.so.6.0.20
7f7b980ef000-7f7b98104000 rw-p 00000000 00:00 0 
7f7b98104000-7f7b98d25000 r-xp 00000000 fd:00 2236335                    /usr/lib/jvm/java-1.8.0-openjdk-1.8.0.25-4.b18.fc21.x86_64/jre/lib/amd64/server/libjvm.so
7f7b98d25000-7f7b98f24000 ---p 00c21000 fd:00 2236335                    /usr/lib/jvm/java-1.8.0-openjdk-1.8.0.25-4.b18.fc21.x86_64/jre/lib/amd64/server/libjvm.so
7f7b98f24000-7f7b98fc7000 r--p 00c20000 fd:00 2236335                    /usr/lib/jvm/java-1.8.0-openjdk-1.8.0.25-4.b18.fc21.x86_64/jre/lib/amd64/server/libjvm.so
7f7b98fc7000-7f7b98fef000 rw-p 00cc3000 fd:00 2236335                    /usr/lib/jvm/java-1.8.0-openjdk-1.8.0.25-4.b18.fc21.x86_64/jre/lib/amd64/server/libjvm.so
7f7b98fef000-7f7b9901d000 rw-p 00000000 00:00 0 
7f7b9901d000-7f7b991d1000 r-xp 00000000 fd:00 1712288                    /usr/lib64/libc-2.20.so
7f7b991d1000-7f7b993d0000 ---p 001b4000 fd:00 1712288                    /usr/lib64/libc-2.20.so
7f7b993d0000-7f7b993d4000 r--p 001b3000 fd:00 1712288                    /usr/lib64/libc-2.20.so
7f7b993d4000-7f7b993d6000 rw-p 001b7000 fd:00 1712288                    /usr/lib64/libc-2.20.so
7f7b993d6000-7f7b993da000 rw-p 00000000 00:00 0 
7f7b993da000-7f7b993dd000 r-xp 00000000 fd:00 1714075                    /usr/lib64/libdl-2.20.so
7f7b993dd000-7f7b995dc000 ---p 00003000 fd:00 1714075                    /usr/lib64/libdl-2.20.so
7f7b995dc000-7f7b995dd000 r--p 00002000 fd:00 1714075                    /usr/lib64/libdl-2.20.so
7f7b995dd000-7f7b995de000 rw-p 00003000 fd:00 1714075                    /usr/lib64/libdl-2.20.so
7f7b995de000-7f7b995eb000 r-xp 00000000 fd:00 2371889                    /usr/lib/jvm/java-1.8.0-openjdk-1.8.0.25-4.b18.fc21.x86_64/lib/amd64/jli/libjli.so
7f7b995eb000-7f7b997ea000 ---p 0000d000 fd:00 2371889                    /usr/lib/jvm/java-1.8.0-openjdk-1.8.0.25-4.b18.fc21.x86_64/lib/amd64/jli/libjli.so
7f7b997ea000-7f7b997eb000 r--p 0000c000 fd:00 2371889                    /usr/lib/jvm/java-1.8.0-openjdk-1.8.0.25-4.b18.fc21.x86_64/lib/amd64/jli/libjli.so
7f7b997eb000-7f7b997ec000 rw-p 0000d000 fd:00 2371889                    /usr/lib/jvm/java-1.8.0-openjdk-1.8.0.25-4.b18.fc21.x86_64/lib/amd64/jli/libjli.so
7f7b997ec000-7f7b99801000 r-xp 00000000 fd:00 1712105                    /usr/lib64/libz.so.1.2.8
7f7b99801000-7f7b99a00000 ---p 00015000 fd:00 1712105                    /usr/lib64/libz.so.1.2.8
7f7b99a00000-7f7b99a01000 r--p 00014000 fd:00 1712105                    /usr/lib64/libz.so.1.2.8
7f7b99a01000-7f7b99a02000 rw-p 00015000 fd:00 1712105                    /usr/lib64/libz.so.1.2.8
7f7b99a02000-7f7b99a19000 r-xp 00000000 fd:00 1712810                    /usr/lib64/libpthread-2.20.so
7f7b99a19000-7f7b99c18000 ---p 00017000 fd:00 1712810                    /usr/lib64/libpthread-2.20.so
7f7b99c18000-7f7b99c19000 r--p 00016000 fd:00 1712810                    /usr/lib64/libpthread-2.20.so
7f7b99c19000-7f7b99c1a000 rw-p 00017000 fd:00 1712810                    /usr/lib64/libpthread-2.20.so
7f7b99c1a000-7f7b99c1e000 rw-p 00000000 00:00 0 
7f7b99c1e000-7f7b99c3f000 r-xp 00000000 fd:00 1714033                    /usr/lib64/ld-2.20.so
7f7b99c3f000-7f7b99c41000 r--s 00006000 fd:02 1577405                    /home/aschuijlenborgh/.gradle/wrapper/dists/gradle-2.2.1-all/c64ydeuardnfqctvr1gm30w53/gradle-2.2.1/lib/slf4j-api-1.7.7.jar
7f7b99c41000-7f7b99c49000 r--s 0003c000 fd:02 1577397                    /home/aschuijlenborgh/.gradle/wrapper/dists/gradle-2.2.1-all/c64ydeuardnfqctvr1gm30w53/gradle-2.2.1/lib/gradle-launcher-2.2.1.jar
7f7b99c49000-7f7b99d19000 rw-p 00000000 00:00 0 
7f7b99d19000-7f7b99d1c000 ---p 00000000 00:00 0 
7f7b99d1c000-7f7b99e1f000 rw-p 00000000 00:00 0                          [stack:3559]
7f7b99e1f000-7f7b99e20000 r--s 00004000 fd:02 1577433                    /home/aschuijlenborgh/.gradle/wrapper/dists/gradle-2.2.1-all/c64ydeuardnfqctvr1gm30w53/gradle-2.2.1/lib/ant-launcher-1.9.3.jar
7f7b99e20000-7f7b99e34000 rw-p 00000000 00:00 0 
7f7b99e34000-7f7b99e3c000 rw-s 00000000 00:23 110877                     /tmp/hsperfdata_aschuijlenborgh/3557
7f7b99e3c000-7f7b99e3d000 rw-p 00000000 00:00 0 
7f7b99e3d000-7f7b99e3e000 ---p 00000000 00:00 0 
7f7b99e3e000-7f7b99e3f000 rw-p 00000000 00:00 0 
7f7b99e3f000-7f7b99e40000 r--p 00021000 fd:00 1714033                    /usr/lib64/ld-2.20.so
7f7b99e40000-7f7b99e41000 rw-p 00022000 fd:00 1714033                    /usr/lib64/ld-2.20.so
7f7b99e41000-7f7b99e42000 rw-p 00000000 00:00 0 
7fff5d601000-7fff5d622000 rw-p 00000000 00:00 0                          [stack]
7fff5d723000-7fff5d725000 r--p 00000000 00:00 0                          [vvar]
7fff5d725000-7fff5d727000 r-xp 00000000 00:00 0                          [vdso]
ffffffffff600000-ffffffffff601000 r-xp 00000000 00:00 0                  [vsyscall]

VM Arguments:
jvm_args: -XX:MaxPermSize=256m -XX:+HeapDumpOnOutOfMemoryError -Xmx1024m -Dfile.encoding=UTF-8 -Duser.country=NL -Duser.language=nl -Duser.variant 
java_command: org.gradle.launcher.daemon.bootstrap.GradleDaemon 2.2.1 /home/aschuijlenborgh/.gradle/daemon 10800000 a183e85e-5c0d-418b-8a99-369bdd0ed1e9 -XX:MaxPermSize=256m -XX:+HeapDumpOnOutOfMemoryError -Xmx1024m -Dfile.encoding=UTF-8 -Duser.country=NL -Duser.language=nl -Duser.variant
java_class_path (initial): /home/aschuijlenborgh/.gradle/wrapper/dists/gradle-2.2.1-all/c64ydeuardnfqctvr1gm30w53/gradle-2.2.1/lib/gradle-launcher-2.2.1.jar
Launcher Type: SUN_STANDARD

Environment Variables:
CLASSPATH=/home/aschuijlenborgh/android-studio/bin/../lib/bootstrap.jar:/home/aschuijlenborgh/android-studio/bin/../lib/extensions.jar:/home/aschuijlenborgh/android-studio/bin/../lib/util.jar:/home/aschuijlenborgh/android-studio/bin/../lib/jdom.jar:/home/aschuijlenborgh/android-studio/bin/../lib/log4j.jar:/home/aschuijlenborgh/android-studio/bin/../lib/trove4j.jar:/home/aschuijlenborgh/android-studio/bin/../lib/jna.jar:/usr/lib/jvm/java-1.8.0-openjdk-1.8.0.25-4.b18.fc21.x86_64/lib/tools.jar
PATH=/usr/lib64/qt-3.3/bin:/usr/local/bin:/usr/local/sbin:/usr/bin:/usr/sbin:/bin:/sbin:/home/aschuijlenborgh/.local/bin:/home/aschuijlenborgh/bin
USERNAME=aschuijlenborgh
LD_LIBRARY_PATH=/home/aschuijlenborgh/android-studio/bin:
SHELL=/bin/bash
DISPLAY=:0

Signal Handlers:
SIGSEGV: [libjvm.so+0xa2f940], sa_mask[0]=11111111011111111101111111111110, sa_flags=SA_RESTART|SA_SIGINFO
SIGBUS: [libjvm.so+0xa2f940], sa_mask[0]=11111111011111111101111111111110, sa_flags=SA_RESTART|SA_SIGINFO
SIGFPE: [libjvm.so+0x88d990], sa_mask[0]=11111111011111111101111111111110, sa_flags=SA_RESTART|SA_SIGINFO
SIGPIPE: [libjvm.so+0x88d990], sa_mask[0]=11111111011111111101111111111110, sa_flags=SA_RESTART|SA_SIGINFO
SIGXFSZ: [libjvm.so+0x88d990], sa_mask[0]=11111111011111111101111111111110, sa_flags=SA_RESTART|SA_SIGINFO
SIGILL: [libjvm.so+0x88d990], sa_mask[0]=11111111011111111101111111111110, sa_flags=SA_RESTART|SA_SIGINFO
SIGUSR1: SIG_DFL, sa_mask[0]=00000000000000000000000000000000, sa_flags=none
SIGUSR2: [libjvm.so+0x88d840], sa_mask[0]=00100000000000000000000000000000, sa_flags=SA_RESTART|SA_SIGINFO
SIGHUP: [libjvm.so+0x88da50], sa_mask[0]=11111111011111111101111111111110, sa_flags=SA_RESTART|SA_SIGINFO
SIGINT: [libjvm.so+0x88da50], sa_mask[0]=11111111011111111101111111111110, sa_flags=SA_RESTART|SA_SIGINFO
SIGTERM: [libjvm.so+0x88da50], sa_mask[0]=11111111011111111101111111111110, sa_flags=SA_RESTART|SA_SIGINFO
SIGQUIT: [libjvm.so+0x88da50], sa_mask[0]=11111111011111111101111111111110, sa_flags=SA_RESTART|SA_SIGINFO


---------------  S Y S T E M  ---------------

OS:Fedora release 21 (Twenty One)

uname:Linux 3.17.6-300.fc21.x86_64 #1 SMP Mon Dec 8 22:29:32 UTC 2014 x86_64
libc:glibc 2.20 NPTL 2.20 
rlimit: STACK 8192k, CORE 0k, NPROC 4096, NOFILE 4096, AS infinity
load average:5,52 2,93 1,20

/proc/meminfo:
MemTotal:        4046756 kB
MemFree:          347272 kB
MemAvailable:    1703600 kB
Buffers:          117288 kB
Cached:          1407872 kB
SwapCached:            0 kB
Active:          2649144 kB
Inactive:         785512 kB
Active(anon):    1914036 kB
Inactive(anon):    34300 kB
Active(file):     735108 kB
Inactive(file):   751212 kB
Unevictable:         204 kB
Mlocked:             204 kB
SwapTotal:       4079612 kB
SwapFree:        4079612 kB
Dirty:             49416 kB
Writeback:             0 kB
AnonPages:       1909720 kB
Mapped:           328116 kB
Shmem:             38848 kB
Slab:             141528 kB
SReclaimable:      77868 kB
SUnreclaim:        63660 kB
KernelStack:        9776 kB
PageTables:        36588 kB
NFS_Unstable:          0 kB
Bounce:                0 kB
WritebackTmp:          0 kB
CommitLimit:     6102988 kB
Committed_AS:    5108368 kB
VmallocTotal:   34359738367 kB
VmallocUsed:      299796 kB
VmallocChunk:   34359435616 kB
HardwareCorrupted:     0 kB
AnonHugePages:         0 kB
HugePages_Total:       0
HugePages_Free:        0
HugePages_Rsvd:        0
HugePages_Surp:        0
Hugepagesize:       2048 kB
DirectMap4k:      369532 kB
DirectMap2M:     3823616 kB


CPU:total 2 (2 cores per cpu, 1 threads per core) family 6 model 15 stepping 6, cmov, cx8, fxsr, mmx, sse, sse2, sse3, ssse3, tsc

/proc/cpuinfo:
processor	: 0
vendor_id	: GenuineIntel
cpu family	: 6
model		: 15
model name	: Intel(R) Core(TM)2 CPU          6300  @ 1.86GHz
stepping	: 6
microcode	: 0xd0
cpu MHz		: 700.000
cache size	: 2048 KB
physical id	: 0
siblings	: 2
core id		: 0
cpu cores	: 2
apicid		: 0
initial apicid	: 0
fpu		: yes
fpu_exception	: yes
cpuid level	: 10
wp		: yes
flags		: fpu vme de pse tsc msr pae mce cx8 apic sep mtrr pge mca cmov pat pse36 clflush dts acpi mmx fxsr sse sse2 ss ht tm pbe syscall nx lm constant_tsc arch_perfmon pebs bts rep_good nopl aperfmperf pni dtes64 monitor ds_cpl vmx est tm2 ssse3 cx16 xtpr pdcm lahf_lm dtherm tpr_shadow
bugs		:
bogomips	: 4662.22
clflush size	: 64
cache_alignment	: 64
address sizes	: 36 bits physical, 48 bits virtual
power management:

processor	: 1
vendor_id	: GenuineIntel
cpu family	: 6
model		: 15
model name	: Intel(R) Core(TM)2 CPU          6300  @ 1.86GHz
stepping	: 6
microcode	: 0xd0
cpu MHz		: 700.000
cache size	: 2048 KB
physical id	: 0
siblings	: 2
core id		: 1
cpu cores	: 2
apicid		: 1
initial apicid	: 1
fpu		: yes
fpu_exception	: yes
cpuid level	: 10
wp		: yes
flags		: fpu vme de pse tsc msr pae mce cx8 apic sep mtrr pge mca cmov pat pse36 clflush dts acpi mmx fxsr sse sse2 ss ht tm pbe syscall nx lm constant_tsc arch_perfmon pebs bts rep_good nopl aperfmperf pni dtes64 monitor ds_cpl vmx est tm2 ssse3 cx16 xtpr pdcm lahf_lm dtherm tpr_shadow
bugs		:
bogomips	: 4662.22
clflush size	: 64
cache_alignment	: 64
address sizes	: 36 bits physical, 48 bits virtual
power management:



Memory: 4k page, physical 4046756k(347272k free), swap 4079612k(4079612k free)

vm_info: OpenJDK 64-Bit Server VM (25.25-b02) for linux-amd64 JRE (1.8.0_25-b18), built on Nov 10 2014 12:31:01 by "mockbuild" with gcc 4.9.2 20141101 (Red Hat 4.9.2-1)

time: Sat Jan 24 12:23:00 2015
elapsed time: 27 seconds (0d 0h 0m 27s)

